Performing C SOURCE FILE Test CMAKE_HAVE_LIBC_PTHREAD failed with the following output:
Change Dir: /work/08474/ywwu/ls6/Galois/CMakeFiles/CMakeTmp

Run Build Command(s):/usr/bin/gmake -f Makefile cmTC_6d42e/fast && /usr/bin/gmake  -f CMakeFiles/cmTC_6d42e.dir/build.make CMakeFiles/cmTC_6d42e.dir/build
gmake[1]: Entering directory '/work/08474/ywwu/ls6/Galois/CMakeFiles/CMakeTmp'
Building C object CMakeFiles/cmTC_6d42e.dir/src.c.o
/usr/bin/cc -DCMAKE_HAVE_LIBC_PTHREAD  -fPIE -o CMakeFiles/cmTC_6d42e.dir/src.c.o -c /work/08474/ywwu/ls6/Galois/CMakeFiles/CMakeTmp/src.c
Linking C executable cmTC_6d42e
/opt/apps/cmake/3.24.2/bin/cmake -E cmake_link_script CMakeFiles/cmTC_6d42e.dir/link.txt --verbose=1
/usr/bin/cc CMakeFiles/cmTC_6d42e.dir/src.c.o -o cmTC_6d42e 
/opt/apps/gcc/9.4.0/bin/ld: CMakeFiles/cmTC_6d42e.dir/src.c.o: in function `main':
src.c:(.text+0x2f): undefined reference to `pthread_create'
/opt/apps/gcc/9.4.0/bin/ld: src.c:(.text+0x3b): undefined reference to `pthread_detach'
/opt/apps/gcc/9.4.0/bin/ld: src.c:(.text+0x47): undefined reference to `pthread_cancel'
/opt/apps/gcc/9.4.0/bin/ld: src.c:(.text+0x58): undefined reference to `pthread_join'
collect2: error: ld returned 1 exit status
gmake[1]: *** [CMakeFiles/cmTC_6d42e.dir/build.make:99: cmTC_6d42e] Error 1
gmake[1]: Leaving directory '/work/08474/ywwu/ls6/Galois/CMakeFiles/CMakeTmp'
gmake: *** [Makefile:127: cmTC_6d42e/fast] Error 2


Source file was:
#include <pthread.h>

static void* test_func(void* data)
{
  return data;
}

int main(void)
{
  pthread_t thread;
  pthread_create(&thread, NULL, test_func, NULL);
  pthread_detach(thread);
  pthread_cancel(thread);
  pthread_join(thread, NULL);
  pthread_atfork(NULL, NULL, NULL);
  pthread_exit(NULL);

  return 0;
}

Determining if the function pthread_create exists in the pthreads failed with the following output:
Change Dir: /work/08474/ywwu/ls6/Galois/CMakeFiles/CMakeTmp

Run Build Command(s):/usr/bin/gmake -f Makefile cmTC_07e0b/fast && /usr/bin/gmake  -f CMakeFiles/cmTC_07e0b.dir/build.make CMakeFiles/cmTC_07e0b.dir/build
gmake[1]: Entering directory '/work/08474/ywwu/ls6/Galois/CMakeFiles/CMakeTmp'
Building C object CMakeFiles/cmTC_07e0b.dir/CheckFunctionExists.c.o
/usr/bin/cc   -DCHECK_FUNCTION_EXISTS=pthread_create -fPIE -o CMakeFiles/cmTC_07e0b.dir/CheckFunctionExists.c.o -c /opt/apps/cmake/3.24.2/share/cmake-3.24/Modules/CheckFunctionExists.c
Linking C executable cmTC_07e0b
/opt/apps/cmake/3.24.2/bin/cmake -E cmake_link_script CMakeFiles/cmTC_07e0b.dir/link.txt --verbose=1
/usr/bin/cc  -DCHECK_FUNCTION_EXISTS=pthread_create CMakeFiles/cmTC_07e0b.dir/CheckFunctionExists.c.o -o cmTC_07e0b  -lpthreads 
/opt/apps/gcc/9.4.0/bin/ld: cannot find -lpthreads
collect2: error: ld returned 1 exit status
gmake[1]: *** [CMakeFiles/cmTC_07e0b.dir/build.make:99: cmTC_07e0b] Error 1
gmake[1]: Leaving directory '/work/08474/ywwu/ls6/Galois/CMakeFiles/CMakeTmp'
gmake: *** [Makefile:127: cmTC_07e0b/fast] Error 2



