The system is: Linux - 4.18.0-372.26.1.el8_6.x86_64 - x86_64
Compiling the C compiler identification source file "CMakeCCompilerId.c" succeeded.
Compiler: /usr/bin/cc 
Build flags: 
Id flags:  

The output was:
0


Compilation of the C compiler identification source "CMakeCCompilerId.c" produced "a.out"

The C compiler identification is GNU, found in "/work/08474/ywwu/ls6/Galois/CMakeFiles/3.24.2/CompilerIdC/a.out"

Compiling the CXX compiler identification source file "CMakeCXXCompilerId.cpp" succeeded.
Compiler: /usr/bin/c++ 
Build flags: 
Id flags:  

The output was:
0


Compilation of the CXX compiler identification source "CMakeCXXCompilerId.cpp" produced "a.out"

The CXX compiler identification is GNU, found in "/work/08474/ywwu/ls6/Galois/CMakeFiles/3.24.2/CompilerIdCXX/a.out"

Detecting C compiler ABI info compiled with the following output:
Change Dir: /work/08474/ywwu/ls6/Galois/CMakeFiles/CMakeTmp

Run Build Command(s):/usr/bin/gmake -f Makefile cmTC_24c3a/fast && /usr/bin/gmake  -f CMakeFiles/cmTC_24c3a.dir/build.make CMakeFiles/cmTC_24c3a.dir/build
gmake[1]: Entering directory '/work/08474/ywwu/ls6/Galois/CMakeFiles/CMakeTmp'
Building C object CMakeFiles/cmTC_24c3a.dir/CMakeCCompilerABI.c.o
/usr/bin/cc   -v -o CMakeFiles/cmTC_24c3a.dir/CMakeCCompilerABI.c.o -c /opt/apps/cmake/3.24.2/share/cmake-3.24/Modules/CMakeCCompilerABI.c
Using built-in specs.
COLLECT_GCC=/usr/bin/cc
OFFLOAD_TARGET_NAMES=nvptx-none
OFFLOAD_TARGET_DEFAULT=1
Target: x86_64-redhat-linux
Configured with: ../configure --enable-bootstrap --enable-languages=c,c++,fortran,lto --prefix=/usr --mandir=/usr/share/man --infodir=/usr/share/info --with-bugurl=https://bugs.rockylinux.org/ --enable-shared --enable-threads=posix --enable-checking=release --enable-multilib --with-system-zlib --enable-__cxa_atexit --disable-libunwind-exceptions --enable-gnu-unique-object --enable-linker-build-id --with-gcc-major-version-only --with-linker-hash-style=gnu --enable-plugin --enable-initfini-array --with-isl --disable-libmpx --enable-offload-targets=nvptx-none --without-cuda-driver --enable-gnu-indirect-function --enable-cet --with-tune=generic --with-arch_32=x86-64 --build=x86_64-redhat-linux
Thread model: posix
gcc version 8.5.0 20210514 (Red Hat 8.5.0-10) (GCC) 
COLLECT_GCC_OPTIONS='-v' '-o' 'CMakeFiles/cmTC_24c3a.dir/CMakeCCompilerABI.c.o' '-c' '-mtune=generic' '-march=x86-64'
 /usr/libexec/gcc/x86_64-redhat-linux/8/cc1 -quiet -v /opt/apps/cmake/3.24.2/share/cmake-3.24/Modules/CMakeCCompilerABI.c -quiet -dumpbase CMakeCCompilerABI.c -mtune=generic -march=x86-64 -auxbase-strip CMakeFiles/cmTC_24c3a.dir/CMakeCCompilerABI.c.o -version -o /tmp/cchHQ2IO.s
GNU C17 (GCC) version 8.5.0 20210514 (Red Hat 8.5.0-10) (x86_64-redhat-linux)
	compiled by GNU C version 8.5.0 20210514 (Red Hat 8.5.0-10), GMP version 6.1.2, MPFR version 3.1.6-p2, MPC version 1.1.0, isl version isl-0.18-GMP

warning: GMP header version 6.1.2 differs from library version 6.2.1.
warning: MPC header version 1.1.0 differs from library version 1.2.1.
GGC heuristics: --param ggc-min-expand=100 --param ggc-min-heapsize=131072
ignoring nonexistent directory "/usr/lib/gcc/x86_64-redhat-linux/8/include-fixed"
ignoring nonexistent directory "/usr/lib/gcc/x86_64-redhat-linux/8/../../../../x86_64-redhat-linux/include"
#include "..." search starts here:
#include <...> search starts here:
 /opt/intel/compilers_and_libraries_2020.1.217/linux/pstl/include
 /opt/intel/compilers_and_libraries_2020.1.217/linux/daal/include
 /opt/intel/compilers_and_libraries_2020.1.217/linux/tbb/include
 /opt/intel/compilers_and_libraries_2020.1.217/linux/mkl/include
 /opt/intel/compilers_and_libraries_2020.1.217/linux/ipp/include
 /usr/lib/gcc/x86_64-redhat-linux/8/include
 /usr/local/include
 /usr/include
End of search list.
GNU C17 (GCC) version 8.5.0 20210514 (Red Hat 8.5.0-10) (x86_64-redhat-linux)
	compiled by GNU C version 8.5.0 20210514 (Red Hat 8.5.0-10), GMP version 6.1.2, MPFR version 3.1.6-p2, MPC version 1.1.0, isl version isl-0.18-GMP

warning: GMP header version 6.1.2 differs from library version 6.2.1.
warning: MPC header version 1.1.0 differs from library version 1.2.1.
GGC heuristics: --param ggc-min-expand=100 --param ggc-min-heapsize=131072
Compiler executable checksum: 98c916f7bcae1411a9f1f1141a9d766c
COLLECT_GCC_OPTIONS='-v' '-o' 'CMakeFiles/cmTC_24c3a.dir/CMakeCCompilerABI.c.o' '-c' '-mtune=generic' '-march=x86-64'
 as -v --64 -o CMakeFiles/cmTC_24c3a.dir/CMakeCCompilerABI.c.o /tmp/cchHQ2IO.s
GNU assembler version 2.32 (x86_64-pc-linux-gnu) using BFD version (GNU Binutils) 2.32
COMPILER_PATH=/opt/apps/xalt/xalt/bin/:/usr/libexec/gcc/x86_64-redhat-linux/8/:/usr/libexec/gcc/x86_64-redhat-linux/8/:/usr/libexec/gcc/x86_64-redhat-linux/:/usr/lib/gcc/x86_64-redhat-linux/8/:/usr/lib/gcc/x86_64-redhat-linux/
LIBRARY_PATH=/usr/lib/gcc/x86_64-redhat-linux/8/:/usr/lib/gcc/x86_64-redhat-linux/8/../../../../lib64/:/lib/../lib64/:/usr/lib/../lib64/:/opt/intel/debugger_2020/libipt/intel64/lib/:/opt/intel/compilers_and_libraries_2020.1.217/linux/daal/lib/intel64_lin/:/opt/intel/compilers_and_libraries_2020.1.217/linux/tbb/lib/intel64/gcc4.8/:/opt/intel/compilers_and_libraries_2020.1.217/linux/mkl/lib/intel64_lin/:/opt/intel/compilers_and_libraries_2020.1.217/linux/ipp/lib/intel64/:/opt/intel/compilers_and_libraries_2020.1.217/linux/compiler/lib/intel64_lin/:/usr/lib/gcc/x86_64-redhat-linux/8/../../../:/lib/:/usr/lib/
COLLECT_GCC_OPTIONS='-v' '-o' 'CMakeFiles/cmTC_24c3a.dir/CMakeCCompilerABI.c.o' '-c' '-mtune=generic' '-march=x86-64'
Linking C executable cmTC_24c3a
/opt/apps/cmake/3.24.2/bin/cmake -E cmake_link_script CMakeFiles/cmTC_24c3a.dir/link.txt --verbose=1
/usr/bin/cc  -v CMakeFiles/cmTC_24c3a.dir/CMakeCCompilerABI.c.o -o cmTC_24c3a 
Using built-in specs.
COLLECT_GCC=/usr/bin/cc
COLLECT_LTO_WRAPPER=/usr/libexec/gcc/x86_64-redhat-linux/8/lto-wrapper
OFFLOAD_TARGET_NAMES=nvptx-none
OFFLOAD_TARGET_DEFAULT=1
Target: x86_64-redhat-linux
Configured with: ../configure --enable-bootstrap --enable-languages=c,c++,fortran,lto --prefix=/usr --mandir=/usr/share/man --infodir=/usr/share/info --with-bugurl=https://bugs.rockylinux.org/ --enable-shared --enable-threads=posix --enable-checking=release --enable-multilib --with-system-zlib --enable-__cxa_atexit --disable-libunwind-exceptions --enable-gnu-unique-object --enable-linker-build-id --with-gcc-major-version-only --with-linker-hash-style=gnu --enable-plugin --enable-initfini-array --with-isl --disable-libmpx --enable-offload-targets=nvptx-none --without-cuda-driver --enable-gnu-indirect-function --enable-cet --with-tune=generic --with-arch_32=x86-64 --build=x86_64-redhat-linux
Thread model: posix
gcc version 8.5.0 20210514 (Red Hat 8.5.0-10) (GCC) 
COMPILER_PATH=/opt/apps/xalt/xalt/bin/:/usr/libexec/gcc/x86_64-redhat-linux/8/:/usr/libexec/gcc/x86_64-redhat-linux/8/:/usr/libexec/gcc/x86_64-redhat-linux/:/usr/lib/gcc/x86_64-redhat-linux/8/:/usr/lib/gcc/x86_64-redhat-linux/
LIBRARY_PATH=/usr/lib/gcc/x86_64-redhat-linux/8/:/usr/lib/gcc/x86_64-redhat-linux/8/../../../../lib64/:/lib/../lib64/:/usr/lib/../lib64/:/opt/intel/debugger_2020/libipt/intel64/lib/:/opt/intel/compilers_and_libraries_2020.1.217/linux/daal/lib/intel64_lin/:/opt/intel/compilers_and_libraries_2020.1.217/linux/tbb/lib/intel64/gcc4.8/:/opt/intel/compilers_and_libraries_2020.1.217/linux/mkl/lib/intel64_lin/:/opt/intel/compilers_and_libraries_2020.1.217/linux/ipp/lib/intel64/:/opt/intel/compilers_and_libraries_2020.1.217/linux/compiler/lib/intel64_lin/:/usr/lib/gcc/x86_64-redhat-linux/8/../../../:/lib/:/usr/lib/
COLLECT_GCC_OPTIONS='-v' '-o' 'cmTC_24c3a' '-mtune=generic' '-march=x86-64'
 /usr/libexec/gcc/x86_64-redhat-linux/8/collect2 -plugin /usr/libexec/gcc/x86_64-redhat-linux/8/liblto_plugin.so -plugin-opt=/usr/libexec/gcc/x86_64-redhat-linux/8/lto-wrapper -plugin-opt=-fresolution=/tmp/ccWrTvTL.res -plugin-opt=-pass-through=-lgcc -plugin-opt=-pass-through=-lgcc_s -plugin-opt=-pass-through=-lc -plugin-opt=-pass-through=-lgcc -plugin-opt=-pass-through=-lgcc_s --build-id --no-add-needed --eh-frame-hdr --hash-style=gnu -m elf_x86_64 -dynamic-linker /lib64/ld-linux-x86-64.so.2 -o cmTC_24c3a /usr/lib/gcc/x86_64-redhat-linux/8/../../../../lib64/crt1.o /usr/lib/gcc/x86_64-redhat-linux/8/../../../../lib64/crti.o /usr/lib/gcc/x86_64-redhat-linux/8/crtbegin.o -L/usr/lib/gcc/x86_64-redhat-linux/8 -L/usr/lib/gcc/x86_64-redhat-linux/8/../../../../lib64 -L/lib/../lib64 -L/usr/lib/../lib64 -L/opt/intel/debugger_2020/libipt/intel64/lib -L/opt/intel/compilers_and_libraries_2020.1.217/linux/daal/lib/intel64_lin -L/opt/intel/compilers_and_libraries_2020.1.217/linux/tbb/lib/intel64/gcc4.8 -L/opt/intel/compilers_and_libraries_2020.1.217/linux/mkl/lib/intel64_lin -L/opt/intel/compilers_and_libraries_2020.1.217/linux/ipp/lib/intel64 -L/opt/intel/compilers_and_libraries_2020.1.217/linux/compiler/lib/intel64_lin -L/usr/lib/gcc/x86_64-redhat-linux/8/../../.. CMakeFiles/cmTC_24c3a.dir/CMakeCCompilerABI.c.o -lgcc --as-needed -lgcc_s --no-as-needed -lc -lgcc --as-needed -lgcc_s --no-as-needed /usr/lib/gcc/x86_64-redhat-linux/8/crtend.o /usr/lib/gcc/x86_64-redhat-linux/8/../../../../lib64/crtn.o
COLLECT_GCC_OPTIONS='-v' '-o' 'cmTC_24c3a' '-mtune=generic' '-march=x86-64'
gmake[1]: Leaving directory '/work/08474/ywwu/ls6/Galois/CMakeFiles/CMakeTmp'



Parsed C implicit include dir info from above output: rv=done
  found start of include info
  found start of implicit include info
    add: [/opt/intel/compilers_and_libraries_2020.1.217/linux/pstl/include]
    add: [/opt/intel/compilers_and_libraries_2020.1.217/linux/daal/include]
    add: [/opt/intel/compilers_and_libraries_2020.1.217/linux/tbb/include]
    add: [/opt/intel/compilers_and_libraries_2020.1.217/linux/mkl/include]
    add: [/opt/intel/compilers_and_libraries_2020.1.217/linux/ipp/include]
    add: [/usr/lib/gcc/x86_64-redhat-linux/8/include]
    add: [/usr/local/include]
    add: [/usr/include]
  end of search list found
  collapse include dir [/opt/intel/compilers_and_libraries_2020.1.217/linux/pstl/include] ==> [/opt/intel/compilers_and_libraries_2020.1.217/linux/pstl/include]
  collapse include dir [/opt/intel/compilers_and_libraries_2020.1.217/linux/daal/include] ==> [/opt/intel/compilers_and_libraries_2020.1.217/linux/daal/include]
  collapse include dir [/opt/intel/compilers_and_libraries_2020.1.217/linux/tbb/include] ==> [/opt/intel/compilers_and_libraries_2020.1.217/linux/tbb/include]
  collapse include dir [/opt/intel/compilers_and_libraries_2020.1.217/linux/mkl/include] ==> [/opt/intel/compilers_and_libraries_2020.1.217/linux/mkl/include]
  collapse include dir [/opt/intel/compilers_and_libraries_2020.1.217/linux/ipp/include] ==> [/opt/intel/compilers_and_libraries_2020.1.217/linux/ipp/include]
  collapse include dir [/usr/lib/gcc/x86_64-redhat-linux/8/include] ==> [/usr/lib/gcc/x86_64-redhat-linux/8/include]
  collapse include dir [/usr/local/include] ==> [/usr/local/include]
  collapse include dir [/usr/include] ==> [/usr/include]
  implicit include dirs: [/opt/intel/compilers_and_libraries_2020.1.217/linux/pstl/include;/opt/intel/compilers_and_libraries_2020.1.217/linux/daal/include;/opt/intel/compilers_and_libraries_2020.1.217/linux/tbb/include;/opt/intel/compilers_and_libraries_2020.1.217/linux/mkl/include;/opt/intel/compilers_and_libraries_2020.1.217/linux/ipp/include;/usr/lib/gcc/x86_64-redhat-linux/8/include;/usr/local/include;/usr/include]


Parsed C implicit link information from above output:
  link line regex: [^( *|.*[/\])(ld|CMAKE_LINK_STARTFILE-NOTFOUND|([^/\]+-)?ld|collect2)[^/\]*( |$)]
  ignore line: [Change Dir: /work/08474/ywwu/ls6/Galois/CMakeFiles/CMakeTmp]
  ignore line: []
  ignore line: [Run Build Command(s):/usr/bin/gmake -f Makefile cmTC_24c3a/fast && /usr/bin/gmake  -f CMakeFiles/cmTC_24c3a.dir/build.make CMakeFiles/cmTC_24c3a.dir/build]
  ignore line: [gmake[1]: Entering directory '/work/08474/ywwu/ls6/Galois/CMakeFiles/CMakeTmp']
  ignore line: [Building C object CMakeFiles/cmTC_24c3a.dir/CMakeCCompilerABI.c.o]
  ignore line: [/usr/bin/cc   -v -o CMakeFiles/cmTC_24c3a.dir/CMakeCCompilerABI.c.o -c /opt/apps/cmake/3.24.2/share/cmake-3.24/Modules/CMakeCCompilerABI.c]
  ignore line: [Using built-in specs.]
  ignore line: [COLLECT_GCC=/usr/bin/cc]
  ignore line: [OFFLOAD_TARGET_NAMES=nvptx-none]
  ignore line: [OFFLOAD_TARGET_DEFAULT=1]
  ignore line: [Target: x86_64-redhat-linux]
  ignore line: [Configured with: ../configure --enable-bootstrap --enable-languages=c c++ fortran lto --prefix=/usr --mandir=/usr/share/man --infodir=/usr/share/info --with-bugurl=https://bugs.rockylinux.org/ --enable-shared --enable-threads=posix --enable-checking=release --enable-multilib --with-system-zlib --enable-__cxa_atexit --disable-libunwind-exceptions --enable-gnu-unique-object --enable-linker-build-id --with-gcc-major-version-only --with-linker-hash-style=gnu --enable-plugin --enable-initfini-array --with-isl --disable-libmpx --enable-offload-targets=nvptx-none --without-cuda-driver --enable-gnu-indirect-function --enable-cet --with-tune=generic --with-arch_32=x86-64 --build=x86_64-redhat-linux]
  ignore line: [Thread model: posix]
  ignore line: [gcc version 8.5.0 20210514 (Red Hat 8.5.0-10) (GCC) ]
  ignore line: [COLLECT_GCC_OPTIONS='-v' '-o' 'CMakeFiles/cmTC_24c3a.dir/CMakeCCompilerABI.c.o' '-c' '-mtune=generic' '-march=x86-64']
  ignore line: [ /usr/libexec/gcc/x86_64-redhat-linux/8/cc1 -quiet -v /opt/apps/cmake/3.24.2/share/cmake-3.24/Modules/CMakeCCompilerABI.c -quiet -dumpbase CMakeCCompilerABI.c -mtune=generic -march=x86-64 -auxbase-strip CMakeFiles/cmTC_24c3a.dir/CMakeCCompilerABI.c.o -version -o /tmp/cchHQ2IO.s]
  ignore line: [GNU C17 (GCC) version 8.5.0 20210514 (Red Hat 8.5.0-10) (x86_64-redhat-linux)]
  ignore line: [	compiled by GNU C version 8.5.0 20210514 (Red Hat 8.5.0-10)  GMP version 6.1.2  MPFR version 3.1.6-p2  MPC version 1.1.0  isl version isl-0.18-GMP]
  ignore line: []
  ignore line: [warning: GMP header version 6.1.2 differs from library version 6.2.1.]
  ignore line: [warning: MPC header version 1.1.0 differs from library version 1.2.1.]
  ignore line: [GGC heuristics: --param ggc-min-expand=100 --param ggc-min-heapsize=131072]
  ignore line: [ignoring nonexistent directory "/usr/lib/gcc/x86_64-redhat-linux/8/include-fixed"]
  ignore line: [ignoring nonexistent directory "/usr/lib/gcc/x86_64-redhat-linux/8/../../../../x86_64-redhat-linux/include"]
  ignore line: [#include "..." search starts here:]
  ignore line: [#include <...> search starts here:]
  ignore line: [ /opt/intel/compilers_and_libraries_2020.1.217/linux/pstl/include]
  ignore line: [ /opt/intel/compilers_and_libraries_2020.1.217/linux/daal/include]
  ignore line: [ /opt/intel/compilers_and_libraries_2020.1.217/linux/tbb/include]
  ignore line: [ /opt/intel/compilers_and_libraries_2020.1.217/linux/mkl/include]
  ignore line: [ /opt/intel/compilers_and_libraries_2020.1.217/linux/ipp/include]
  ignore line: [ /usr/lib/gcc/x86_64-redhat-linux/8/include]
  ignore line: [ /usr/local/include]
  ignore line: [ /usr/include]
  ignore line: [End of search list.]
  ignore line: [GNU C17 (GCC) version 8.5.0 20210514 (Red Hat 8.5.0-10) (x86_64-redhat-linux)]
  ignore line: [	compiled by GNU C version 8.5.0 20210514 (Red Hat 8.5.0-10)  GMP version 6.1.2  MPFR version 3.1.6-p2  MPC version 1.1.0  isl version isl-0.18-GMP]
  ignore line: []
  ignore line: [warning: GMP header version 6.1.2 differs from library version 6.2.1.]
  ignore line: [warning: MPC header version 1.1.0 differs from library version 1.2.1.]
  ignore line: [GGC heuristics: --param ggc-min-expand=100 --param ggc-min-heapsize=131072]
  ignore line: [Compiler executable checksum: 98c916f7bcae1411a9f1f1141a9d766c]
  ignore line: [COLLECT_GCC_OPTIONS='-v' '-o' 'CMakeFiles/cmTC_24c3a.dir/CMakeCCompilerABI.c.o' '-c' '-mtune=generic' '-march=x86-64']
  ignore line: [ as -v --64 -o CMakeFiles/cmTC_24c3a.dir/CMakeCCompilerABI.c.o /tmp/cchHQ2IO.s]
  ignore line: [GNU assembler version 2.32 (x86_64-pc-linux-gnu) using BFD version (GNU Binutils) 2.32]
  ignore line: [COMPILER_PATH=/opt/apps/xalt/xalt/bin/:/usr/libexec/gcc/x86_64-redhat-linux/8/:/usr/libexec/gcc/x86_64-redhat-linux/8/:/usr/libexec/gcc/x86_64-redhat-linux/:/usr/lib/gcc/x86_64-redhat-linux/8/:/usr/lib/gcc/x86_64-redhat-linux/]
  ignore line: [LIBRARY_PATH=/usr/lib/gcc/x86_64-redhat-linux/8/:/usr/lib/gcc/x86_64-redhat-linux/8/../../../../lib64/:/lib/../lib64/:/usr/lib/../lib64/:/opt/intel/debugger_2020/libipt/intel64/lib/:/opt/intel/compilers_and_libraries_2020.1.217/linux/daal/lib/intel64_lin/:/opt/intel/compilers_and_libraries_2020.1.217/linux/tbb/lib/intel64/gcc4.8/:/opt/intel/compilers_and_libraries_2020.1.217/linux/mkl/lib/intel64_lin/:/opt/intel/compilers_and_libraries_2020.1.217/linux/ipp/lib/intel64/:/opt/intel/compilers_and_libraries_2020.1.217/linux/compiler/lib/intel64_lin/:/usr/lib/gcc/x86_64-redhat-linux/8/../../../:/lib/:/usr/lib/]
  ignore line: [COLLECT_GCC_OPTIONS='-v' '-o' 'CMakeFiles/cmTC_24c3a.dir/CMakeCCompilerABI.c.o' '-c' '-mtune=generic' '-march=x86-64']
  ignore line: [Linking C executable cmTC_24c3a]
  ignore line: [/opt/apps/cmake/3.24.2/bin/cmake -E cmake_link_script CMakeFiles/cmTC_24c3a.dir/link.txt --verbose=1]
  ignore line: [/usr/bin/cc  -v CMakeFiles/cmTC_24c3a.dir/CMakeCCompilerABI.c.o -o cmTC_24c3a ]
  ignore line: [Using built-in specs.]
  ignore line: [COLLECT_GCC=/usr/bin/cc]
  ignore line: [COLLECT_LTO_WRAPPER=/usr/libexec/gcc/x86_64-redhat-linux/8/lto-wrapper]
  ignore line: [OFFLOAD_TARGET_NAMES=nvptx-none]
  ignore line: [OFFLOAD_TARGET_DEFAULT=1]
  ignore line: [Target: x86_64-redhat-linux]
  ignore line: [Configured with: ../configure --enable-bootstrap --enable-languages=c c++ fortran lto --prefix=/usr --mandir=/usr/share/man --infodir=/usr/share/info --with-bugurl=https://bugs.rockylinux.org/ --enable-shared --enable-threads=posix --enable-checking=release --enable-multilib --with-system-zlib --enable-__cxa_atexit --disable-libunwind-exceptions --enable-gnu-unique-object --enable-linker-build-id --with-gcc-major-version-only --with-linker-hash-style=gnu --enable-plugin --enable-initfini-array --with-isl --disable-libmpx --enable-offload-targets=nvptx-none --without-cuda-driver --enable-gnu-indirect-function --enable-cet --with-tune=generic --with-arch_32=x86-64 --build=x86_64-redhat-linux]
  ignore line: [Thread model: posix]
  ignore line: [gcc version 8.5.0 20210514 (Red Hat 8.5.0-10) (GCC) ]
  ignore line: [COMPILER_PATH=/opt/apps/xalt/xalt/bin/:/usr/libexec/gcc/x86_64-redhat-linux/8/:/usr/libexec/gcc/x86_64-redhat-linux/8/:/usr/libexec/gcc/x86_64-redhat-linux/:/usr/lib/gcc/x86_64-redhat-linux/8/:/usr/lib/gcc/x86_64-redhat-linux/]
  ignore line: [LIBRARY_PATH=/usr/lib/gcc/x86_64-redhat-linux/8/:/usr/lib/gcc/x86_64-redhat-linux/8/../../../../lib64/:/lib/../lib64/:/usr/lib/../lib64/:/opt/intel/debugger_2020/libipt/intel64/lib/:/opt/intel/compilers_and_libraries_2020.1.217/linux/daal/lib/intel64_lin/:/opt/intel/compilers_and_libraries_2020.1.217/linux/tbb/lib/intel64/gcc4.8/:/opt/intel/compilers_and_libraries_2020.1.217/linux/mkl/lib/intel64_lin/:/opt/intel/compilers_and_libraries_2020.1.217/linux/ipp/lib/intel64/:/opt/intel/compilers_and_libraries_2020.1.217/linux/compiler/lib/intel64_lin/:/usr/lib/gcc/x86_64-redhat-linux/8/../../../:/lib/:/usr/lib/]
  ignore line: [COLLECT_GCC_OPTIONS='-v' '-o' 'cmTC_24c3a' '-mtune=generic' '-march=x86-64']
  link line: [ /usr/libexec/gcc/x86_64-redhat-linux/8/collect2 -plugin /usr/libexec/gcc/x86_64-redhat-linux/8/liblto_plugin.so -plugin-opt=/usr/libexec/gcc/x86_64-redhat-linux/8/lto-wrapper -plugin-opt=-fresolution=/tmp/ccWrTvTL.res -plugin-opt=-pass-through=-lgcc -plugin-opt=-pass-through=-lgcc_s -plugin-opt=-pass-through=-lc -plugin-opt=-pass-through=-lgcc -plugin-opt=-pass-through=-lgcc_s --build-id --no-add-needed --eh-frame-hdr --hash-style=gnu -m elf_x86_64 -dynamic-linker /lib64/ld-linux-x86-64.so.2 -o cmTC_24c3a /usr/lib/gcc/x86_64-redhat-linux/8/../../../../lib64/crt1.o /usr/lib/gcc/x86_64-redhat-linux/8/../../../../lib64/crti.o /usr/lib/gcc/x86_64-redhat-linux/8/crtbegin.o -L/usr/lib/gcc/x86_64-redhat-linux/8 -L/usr/lib/gcc/x86_64-redhat-linux/8/../../../../lib64 -L/lib/../lib64 -L/usr/lib/../lib64 -L/opt/intel/debugger_2020/libipt/intel64/lib -L/opt/intel/compilers_and_libraries_2020.1.217/linux/daal/lib/intel64_lin -L/opt/intel/compilers_and_libraries_2020.1.217/linux/tbb/lib/intel64/gcc4.8 -L/opt/intel/compilers_and_libraries_2020.1.217/linux/mkl/lib/intel64_lin -L/opt/intel/compilers_and_libraries_2020.1.217/linux/ipp/lib/intel64 -L/opt/intel/compilers_and_libraries_2020.1.217/linux/compiler/lib/intel64_lin -L/usr/lib/gcc/x86_64-redhat-linux/8/../../.. CMakeFiles/cmTC_24c3a.dir/CMakeCCompilerABI.c.o -lgcc --as-needed -lgcc_s --no-as-needed -lc -lgcc --as-needed -lgcc_s --no-as-needed /usr/lib/gcc/x86_64-redhat-linux/8/crtend.o /usr/lib/gcc/x86_64-redhat-linux/8/../../../../lib64/crtn.o]
    arg [/usr/libexec/gcc/x86_64-redhat-linux/8/collect2] ==> ignore
    arg [-plugin] ==> ignore
    arg [/usr/libexec/gcc/x86_64-redhat-linux/8/liblto_plugin.so] ==> ignore
    arg [-plugin-opt=/usr/libexec/gcc/x86_64-redhat-linux/8/lto-wrapper] ==> ignore
    arg [-plugin-opt=-fresolution=/tmp/ccWrTvTL.res] ==> ignore
    arg [-plugin-opt=-pass-through=-lgcc] ==> ignore
    arg [-plugin-opt=-pass-through=-lgcc_s] ==> ignore
    arg [-plugin-opt=-pass-through=-lc] ==> ignore
    arg [-plugin-opt=-pass-through=-lgcc] ==> ignore
    arg [-plugin-opt=-pass-through=-lgcc_s] ==> ignore
    arg [--build-id] ==> ignore
    arg [--no-add-needed] ==> ignore
    arg [--eh-frame-hdr] ==> ignore
    arg [--hash-style=gnu] ==> ignore
    arg [-m] ==> ignore
    arg [elf_x86_64] ==> ignore
    arg [-dynamic-linker] ==> ignore
    arg [/lib64/ld-linux-x86-64.so.2] ==> ignore
    arg [-o] ==> ignore
    arg [cmTC_24c3a] ==> ignore
    arg [/usr/lib/gcc/x86_64-redhat-linux/8/../../../../lib64/crt1.o] ==> obj [/usr/lib/gcc/x86_64-redhat-linux/8/../../../../lib64/crt1.o]
    arg [/usr/lib/gcc/x86_64-redhat-linux/8/../../../../lib64/crti.o] ==> obj [/usr/lib/gcc/x86_64-redhat-linux/8/../../../../lib64/crti.o]
    arg [/usr/lib/gcc/x86_64-redhat-linux/8/crtbegin.o] ==> obj [/usr/lib/gcc/x86_64-redhat-linux/8/crtbegin.o]
    arg [-L/usr/lib/gcc/x86_64-redhat-linux/8] ==> dir [/usr/lib/gcc/x86_64-redhat-linux/8]
    arg [-L/usr/lib/gcc/x86_64-redhat-linux/8/../../../../lib64] ==> dir [/usr/lib/gcc/x86_64-redhat-linux/8/../../../../lib64]
    arg [-L/lib/../lib64] ==> dir [/lib/../lib64]
    arg [-L/usr/lib/../lib64] ==> dir [/usr/lib/../lib64]
    arg [-L/opt/intel/debugger_2020/libipt/intel64/lib] ==> dir [/opt/intel/debugger_2020/libipt/intel64/lib]
    arg [-L/opt/intel/compilers_and_libraries_2020.1.217/linux/daal/lib/intel64_lin] ==> dir [/opt/intel/compilers_and_libraries_2020.1.217/linux/daal/lib/intel64_lin]
    arg [-L/opt/intel/compilers_and_libraries_2020.1.217/linux/tbb/lib/intel64/gcc4.8] ==> dir [/opt/intel/compilers_and_libraries_2020.1.217/linux/tbb/lib/intel64/gcc4.8]
    arg [-L/opt/intel/compilers_and_libraries_2020.1.217/linux/mkl/lib/intel64_lin] ==> dir [/opt/intel/compilers_and_libraries_2020.1.217/linux/mkl/lib/intel64_lin]
    arg [-L/opt/intel/compilers_and_libraries_2020.1.217/linux/ipp/lib/intel64] ==> dir [/opt/intel/compilers_and_libraries_2020.1.217/linux/ipp/lib/intel64]
    arg [-L/opt/intel/compilers_and_libraries_2020.1.217/linux/compiler/lib/intel64_lin] ==> dir [/opt/intel/compilers_and_libraries_2020.1.217/linux/compiler/lib/intel64_lin]
    arg [-L/usr/lib/gcc/x86_64-redhat-linux/8/../../..] ==> dir [/usr/lib/gcc/x86_64-redhat-linux/8/../../..]
    arg [CMakeFiles/cmTC_24c3a.dir/CMakeCCompilerABI.c.o] ==> ignore
    arg [-lgcc] ==> lib [gcc]
    arg [--as-needed] ==> ignore
    arg [-lgcc_s] ==> lib [gcc_s]
    arg [--no-as-needed] ==> ignore
    arg [-lc] ==> lib [c]
    arg [-lgcc] ==> lib [gcc]
    arg [--as-needed] ==> ignore
    arg [-lgcc_s] ==> lib [gcc_s]
    arg [--no-as-needed] ==> ignore
    arg [/usr/lib/gcc/x86_64-redhat-linux/8/crtend.o] ==> obj [/usr/lib/gcc/x86_64-redhat-linux/8/crtend.o]
    arg [/usr/lib/gcc/x86_64-redhat-linux/8/../../../../lib64/crtn.o] ==> obj [/usr/lib/gcc/x86_64-redhat-linux/8/../../../../lib64/crtn.o]
  collapse obj [/usr/lib/gcc/x86_64-redhat-linux/8/../../../../lib64/crt1.o] ==> [/usr/lib64/crt1.o]
  collapse obj [/usr/lib/gcc/x86_64-redhat-linux/8/../../../../lib64/crti.o] ==> [/usr/lib64/crti.o]
  collapse obj [/usr/lib/gcc/x86_64-redhat-linux/8/../../../../lib64/crtn.o] ==> [/usr/lib64/crtn.o]
  collapse library dir [/usr/lib/gcc/x86_64-redhat-linux/8] ==> [/usr/lib/gcc/x86_64-redhat-linux/8]
  collapse library dir [/usr/lib/gcc/x86_64-redhat-linux/8/../../../../lib64] ==> [/usr/lib64]
  collapse library dir [/lib/../lib64] ==> [/lib64]
  collapse library dir [/usr/lib/../lib64] ==> [/usr/lib64]
  collapse library dir [/opt/intel/debugger_2020/libipt/intel64/lib] ==> [/opt/intel/debugger_2020/libipt/intel64/lib]
  collapse library dir [/opt/intel/compilers_and_libraries_2020.1.217/linux/daal/lib/intel64_lin] ==> [/opt/intel/compilers_and_libraries_2020.1.217/linux/daal/lib/intel64_lin]
  collapse library dir [/opt/intel/compilers_and_libraries_2020.1.217/linux/tbb/lib/intel64/gcc4.8] ==> [/opt/intel/compilers_and_libraries_2020.1.217/linux/tbb/lib/intel64/gcc4.8]
  collapse library dir [/opt/intel/compilers_and_libraries_2020.1.217/linux/mkl/lib/intel64_lin] ==> [/opt/intel/compilers_and_libraries_2020.1.217/linux/mkl/lib/intel64_lin]
  collapse library dir [/opt/intel/compilers_and_libraries_2020.1.217/linux/ipp/lib/intel64] ==> [/opt/intel/compilers_and_libraries_2020.1.217/linux/ipp/lib/intel64]
  collapse library dir [/opt/intel/compilers_and_libraries_2020.1.217/linux/compiler/lib/intel64_lin] ==> [/opt/intel/compilers_and_libraries_2020.1.217/linux/compiler/lib/intel64_lin]
  collapse library dir [/usr/lib/gcc/x86_64-redhat-linux/8/../../..] ==> [/usr/lib]
  implicit libs: [gcc;gcc_s;c;gcc;gcc_s]
  implicit objs: [/usr/lib64/crt1.o;/usr/lib64/crti.o;/usr/lib/gcc/x86_64-redhat-linux/8/crtbegin.o;/usr/lib/gcc/x86_64-redhat-linux/8/crtend.o;/usr/lib64/crtn.o]
  implicit dirs: [/usr/lib/gcc/x86_64-redhat-linux/8;/usr/lib64;/lib64;/opt/intel/debugger_2020/libipt/intel64/lib;/opt/intel/compilers_and_libraries_2020.1.217/linux/daal/lib/intel64_lin;/opt/intel/compilers_and_libraries_2020.1.217/linux/tbb/lib/intel64/gcc4.8;/opt/intel/compilers_and_libraries_2020.1.217/linux/mkl/lib/intel64_lin;/opt/intel/compilers_and_libraries_2020.1.217/linux/ipp/lib/intel64;/opt/intel/compilers_and_libraries_2020.1.217/linux/compiler/lib/intel64_lin;/usr/lib]
  implicit fwks: []


Detecting CXX compiler ABI info compiled with the following output:
Change Dir: /work/08474/ywwu/ls6/Galois/CMakeFiles/CMakeTmp

Run Build Command(s):/usr/bin/gmake -f Makefile cmTC_f0dfd/fast && /usr/bin/gmake  -f CMakeFiles/cmTC_f0dfd.dir/build.make CMakeFiles/cmTC_f0dfd.dir/build
gmake[1]: Entering directory '/work/08474/ywwu/ls6/Galois/CMakeFiles/CMakeTmp'
Building CXX object CMakeFiles/cmTC_f0dfd.dir/CMakeCXXCompilerABI.cpp.o
/usr/bin/c++   -v -o CMakeFiles/cmTC_f0dfd.dir/CMakeCXXCompilerABI.cpp.o -c /opt/apps/cmake/3.24.2/share/cmake-3.24/Modules/CMakeCXXCompilerABI.cpp
Using built-in specs.
COLLECT_GCC=/usr/bin/c++
OFFLOAD_TARGET_NAMES=nvptx-none
OFFLOAD_TARGET_DEFAULT=1
Target: x86_64-redhat-linux
Configured with: ../configure --enable-bootstrap --enable-languages=c,c++,fortran,lto --prefix=/usr --mandir=/usr/share/man --infodir=/usr/share/info --with-bugurl=https://bugs.rockylinux.org/ --enable-shared --enable-threads=posix --enable-checking=release --enable-multilib --with-system-zlib --enable-__cxa_atexit --disable-libunwind-exceptions --enable-gnu-unique-object --enable-linker-build-id --with-gcc-major-version-only --with-linker-hash-style=gnu --enable-plugin --enable-initfini-array --with-isl --disable-libmpx --enable-offload-targets=nvptx-none --without-cuda-driver --enable-gnu-indirect-function --enable-cet --with-tune=generic --with-arch_32=x86-64 --build=x86_64-redhat-linux
Thread model: posix
gcc version 8.5.0 20210514 (Red Hat 8.5.0-10) (GCC) 
COLLECT_GCC_OPTIONS='-v' '-o' 'CMakeFiles/cmTC_f0dfd.dir/CMakeCXXCompilerABI.cpp.o' '-c' '-shared-libgcc' '-mtune=generic' '-march=x86-64'
 /usr/libexec/gcc/x86_64-redhat-linux/8/cc1plus -quiet -v -D_GNU_SOURCE /opt/apps/cmake/3.24.2/share/cmake-3.24/Modules/CMakeCXXCompilerABI.cpp -quiet -dumpbase CMakeCXXCompilerABI.cpp -mtune=generic -march=x86-64 -auxbase-strip CMakeFiles/cmTC_f0dfd.dir/CMakeCXXCompilerABI.cpp.o -version -o /tmp/ccBf6xEQ.s
GNU C++14 (GCC) version 8.5.0 20210514 (Red Hat 8.5.0-10) (x86_64-redhat-linux)
	compiled by GNU C version 8.5.0 20210514 (Red Hat 8.5.0-10), GMP version 6.1.2, MPFR version 3.1.6-p2, MPC version 1.1.0, isl version isl-0.18-GMP

warning: GMP header version 6.1.2 differs from library version 6.2.1.
warning: MPC header version 1.1.0 differs from library version 1.2.1.
GGC heuristics: --param ggc-min-expand=100 --param ggc-min-heapsize=131072
ignoring nonexistent directory "/usr/lib/gcc/x86_64-redhat-linux/8/include-fixed"
ignoring nonexistent directory "/usr/lib/gcc/x86_64-redhat-linux/8/../../../../x86_64-redhat-linux/include"
#include "..." search starts here:
#include <...> search starts here:
 /opt/intel/compilers_and_libraries_2020.1.217/linux/pstl/include
 /opt/intel/compilers_and_libraries_2020.1.217/linux/daal/include
 /opt/intel/compilers_and_libraries_2020.1.217/linux/tbb/include
 /opt/intel/compilers_and_libraries_2020.1.217/linux/mkl/include
 /opt/intel/compilers_and_libraries_2020.1.217/linux/ipp/include
 /usr/lib/gcc/x86_64-redhat-linux/8/../../../../include/c++/8
 /usr/lib/gcc/x86_64-redhat-linux/8/../../../../include/c++/8/x86_64-redhat-linux
 /usr/lib/gcc/x86_64-redhat-linux/8/../../../../include/c++/8/backward
 /usr/lib/gcc/x86_64-redhat-linux/8/include
 /usr/local/include
 /usr/include
End of search list.
GNU C++14 (GCC) version 8.5.0 20210514 (Red Hat 8.5.0-10) (x86_64-redhat-linux)
	compiled by GNU C version 8.5.0 20210514 (Red Hat 8.5.0-10), GMP version 6.1.2, MPFR version 3.1.6-p2, MPC version 1.1.0, isl version isl-0.18-GMP

warning: GMP header version 6.1.2 differs from library version 6.2.1.
warning: MPC header version 1.1.0 differs from library version 1.2.1.
GGC heuristics: --param ggc-min-expand=100 --param ggc-min-heapsize=131072
Compiler executable checksum: ae0a23b7f5a908959221167a864fbecb
COLLECT_GCC_OPTIONS='-v' '-o' 'CMakeFiles/cmTC_f0dfd.dir/CMakeCXXCompilerABI.cpp.o' '-c' '-shared-libgcc' '-mtune=generic' '-march=x86-64'
 as -v --64 -o CMakeFiles/cmTC_f0dfd.dir/CMakeCXXCompilerABI.cpp.o /tmp/ccBf6xEQ.s
GNU assembler version 2.32 (x86_64-pc-linux-gnu) using BFD version (GNU Binutils) 2.32
COMPILER_PATH=/opt/apps/xalt/xalt/bin/:/usr/libexec/gcc/x86_64-redhat-linux/8/:/usr/libexec/gcc/x86_64-redhat-linux/8/:/usr/libexec/gcc/x86_64-redhat-linux/:/usr/lib/gcc/x86_64-redhat-linux/8/:/usr/lib/gcc/x86_64-redhat-linux/
LIBRARY_PATH=/usr/lib/gcc/x86_64-redhat-linux/8/:/usr/lib/gcc/x86_64-redhat-linux/8/../../../../lib64/:/lib/../lib64/:/usr/lib/../lib64/:/opt/intel/debugger_2020/libipt/intel64/lib/:/opt/intel/compilers_and_libraries_2020.1.217/linux/daal/lib/intel64_lin/:/opt/intel/compilers_and_libraries_2020.1.217/linux/tbb/lib/intel64/gcc4.8/:/opt/intel/compilers_and_libraries_2020.1.217/linux/mkl/lib/intel64_lin/:/opt/intel/compilers_and_libraries_2020.1.217/linux/ipp/lib/intel64/:/opt/intel/compilers_and_libraries_2020.1.217/linux/compiler/lib/intel64_lin/:/usr/lib/gcc/x86_64-redhat-linux/8/../../../:/lib/:/usr/lib/
COLLECT_GCC_OPTIONS='-v' '-o' 'CMakeFiles/cmTC_f0dfd.dir/CMakeCXXCompilerABI.cpp.o' '-c' '-shared-libgcc' '-mtune=generic' '-march=x86-64'
Linking CXX executable cmTC_f0dfd
/opt/apps/cmake/3.24.2/bin/cmake -E cmake_link_script CMakeFiles/cmTC_f0dfd.dir/link.txt --verbose=1
/usr/bin/c++  -v CMakeFiles/cmTC_f0dfd.dir/CMakeCXXCompilerABI.cpp.o -o cmTC_f0dfd 
Using built-in specs.
COLLECT_GCC=/usr/bin/c++
COLLECT_LTO_WRAPPER=/usr/libexec/gcc/x86_64-redhat-linux/8/lto-wrapper
OFFLOAD_TARGET_NAMES=nvptx-none
OFFLOAD_TARGET_DEFAULT=1
Target: x86_64-redhat-linux
Configured with: ../configure --enable-bootstrap --enable-languages=c,c++,fortran,lto --prefix=/usr --mandir=/usr/share/man --infodir=/usr/share/info --with-bugurl=https://bugs.rockylinux.org/ --enable-shared --enable-threads=posix --enable-checking=release --enable-multilib --with-system-zlib --enable-__cxa_atexit --disable-libunwind-exceptions --enable-gnu-unique-object --enable-linker-build-id --with-gcc-major-version-only --with-linker-hash-style=gnu --enable-plugin --enable-initfini-array --with-isl --disable-libmpx --enable-offload-targets=nvptx-none --without-cuda-driver --enable-gnu-indirect-function --enable-cet --with-tune=generic --with-arch_32=x86-64 --build=x86_64-redhat-linux
Thread model: posix
gcc version 8.5.0 20210514 (Red Hat 8.5.0-10) (GCC) 
COMPILER_PATH=/opt/apps/xalt/xalt/bin/:/usr/libexec/gcc/x86_64-redhat-linux/8/:/usr/libexec/gcc/x86_64-redhat-linux/8/:/usr/libexec/gcc/x86_64-redhat-linux/:/usr/lib/gcc/x86_64-redhat-linux/8/:/usr/lib/gcc/x86_64-redhat-linux/
LIBRARY_PATH=/usr/lib/gcc/x86_64-redhat-linux/8/:/usr/lib/gcc/x86_64-redhat-linux/8/../../../../lib64/:/lib/../lib64/:/usr/lib/../lib64/:/opt/intel/debugger_2020/libipt/intel64/lib/:/opt/intel/compilers_and_libraries_2020.1.217/linux/daal/lib/intel64_lin/:/opt/intel/compilers_and_libraries_2020.1.217/linux/tbb/lib/intel64/gcc4.8/:/opt/intel/compilers_and_libraries_2020.1.217/linux/mkl/lib/intel64_lin/:/opt/intel/compilers_and_libraries_2020.1.217/linux/ipp/lib/intel64/:/opt/intel/compilers_and_libraries_2020.1.217/linux/compiler/lib/intel64_lin/:/usr/lib/gcc/x86_64-redhat-linux/8/../../../:/lib/:/usr/lib/
COLLECT_GCC_OPTIONS='-v' '-o' 'cmTC_f0dfd' '-shared-libgcc' '-mtune=generic' '-march=x86-64'
 /usr/libexec/gcc/x86_64-redhat-linux/8/collect2 -plugin /usr/libexec/gcc/x86_64-redhat-linux/8/liblto_plugin.so -plugin-opt=/usr/libexec/gcc/x86_64-redhat-linux/8/lto-wrapper -plugin-opt=-fresolution=/tmp/ccePO9JP.res -plugin-opt=-pass-through=-lgcc_s -plugin-opt=-pass-through=-lgcc -plugin-opt=-pass-through=-lc -plugin-opt=-pass-through=-lgcc_s -plugin-opt=-pass-through=-lgcc --build-id --no-add-needed --eh-frame-hdr --hash-style=gnu -m elf_x86_64 -dynamic-linker /lib64/ld-linux-x86-64.so.2 -o cmTC_f0dfd /usr/lib/gcc/x86_64-redhat-linux/8/../../../../lib64/crt1.o /usr/lib/gcc/x86_64-redhat-linux/8/../../../../lib64/crti.o /usr/lib/gcc/x86_64-redhat-linux/8/crtbegin.o -L/usr/lib/gcc/x86_64-redhat-linux/8 -L/usr/lib/gcc/x86_64-redhat-linux/8/../../../../lib64 -L/lib/../lib64 -L/usr/lib/../lib64 -L/opt/intel/debugger_2020/libipt/intel64/lib -L/opt/intel/compilers_and_libraries_2020.1.217/linux/daal/lib/intel64_lin -L/opt/intel/compilers_and_libraries_2020.1.217/linux/tbb/lib/intel64/gcc4.8 -L/opt/intel/compilers_and_libraries_2020.1.217/linux/mkl/lib/intel64_lin -L/opt/intel/compilers_and_libraries_2020.1.217/linux/ipp/lib/intel64 -L/opt/intel/compilers_and_libraries_2020.1.217/linux/compiler/lib/intel64_lin -L/usr/lib/gcc/x86_64-redhat-linux/8/../../.. CMakeFiles/cmTC_f0dfd.dir/CMakeCXXCompilerABI.cpp.o -lstdc++ -lm -lgcc_s -lgcc -lc -lgcc_s -lgcc /usr/lib/gcc/x86_64-redhat-linux/8/crtend.o /usr/lib/gcc/x86_64-redhat-linux/8/../../../../lib64/crtn.o
COLLECT_GCC_OPTIONS='-v' '-o' 'cmTC_f0dfd' '-shared-libgcc' '-mtune=generic' '-march=x86-64'
gmake[1]: Leaving directory '/work/08474/ywwu/ls6/Galois/CMakeFiles/CMakeTmp'



Parsed CXX implicit include dir info from above output: rv=done
  found start of include info
  found start of implicit include info
    add: [/opt/intel/compilers_and_libraries_2020.1.217/linux/pstl/include]
    add: [/opt/intel/compilers_and_libraries_2020.1.217/linux/daal/include]
    add: [/opt/intel/compilers_and_libraries_2020.1.217/linux/tbb/include]
    add: [/opt/intel/compilers_and_libraries_2020.1.217/linux/mkl/include]
    add: [/opt/intel/compilers_and_libraries_2020.1.217/linux/ipp/include]
    add: [/usr/lib/gcc/x86_64-redhat-linux/8/../../../../include/c++/8]
    add: [/usr/lib/gcc/x86_64-redhat-linux/8/../../../../include/c++/8/x86_64-redhat-linux]
    add: [/usr/lib/gcc/x86_64-redhat-linux/8/../../../../include/c++/8/backward]
    add: [/usr/lib/gcc/x86_64-redhat-linux/8/include]
    add: [/usr/local/include]
    add: [/usr/include]
  end of search list found
  collapse include dir [/opt/intel/compilers_and_libraries_2020.1.217/linux/pstl/include] ==> [/opt/intel/compilers_and_libraries_2020.1.217/linux/pstl/include]
  collapse include dir [/opt/intel/compilers_and_libraries_2020.1.217/linux/daal/include] ==> [/opt/intel/compilers_and_libraries_2020.1.217/linux/daal/include]
  collapse include dir [/opt/intel/compilers_and_libraries_2020.1.217/linux/tbb/include] ==> [/opt/intel/compilers_and_libraries_2020.1.217/linux/tbb/include]
  collapse include dir [/opt/intel/compilers_and_libraries_2020.1.217/linux/mkl/include] ==> [/opt/intel/compilers_and_libraries_2020.1.217/linux/mkl/include]
  collapse include dir [/opt/intel/compilers_and_libraries_2020.1.217/linux/ipp/include] ==> [/opt/intel/compilers_and_libraries_2020.1.217/linux/ipp/include]
  collapse include dir [/usr/lib/gcc/x86_64-redhat-linux/8/../../../../include/c++/8] ==> [/usr/include/c++/8]
  collapse include dir [/usr/lib/gcc/x86_64-redhat-linux/8/../../../../include/c++/8/x86_64-redhat-linux] ==> [/usr/include/c++/8/x86_64-redhat-linux]
  collapse include dir [/usr/lib/gcc/x86_64-redhat-linux/8/../../../../include/c++/8/backward] ==> [/usr/include/c++/8/backward]
  collapse include dir [/usr/lib/gcc/x86_64-redhat-linux/8/include] ==> [/usr/lib/gcc/x86_64-redhat-linux/8/include]
  collapse include dir [/usr/local/include] ==> [/usr/local/include]
  collapse include dir [/usr/include] ==> [/usr/include]
  implicit include dirs: [/opt/intel/compilers_and_libraries_2020.1.217/linux/pstl/include;/opt/intel/compilers_and_libraries_2020.1.217/linux/daal/include;/opt/intel/compilers_and_libraries_2020.1.217/linux/tbb/include;/opt/intel/compilers_and_libraries_2020.1.217/linux/mkl/include;/opt/intel/compilers_and_libraries_2020.1.217/linux/ipp/include;/usr/include/c++/8;/usr/include/c++/8/x86_64-redhat-linux;/usr/include/c++/8/backward;/usr/lib/gcc/x86_64-redhat-linux/8/include;/usr/local/include;/usr/include]


Parsed CXX implicit link information from above output:
  link line regex: [^( *|.*[/\])(ld|CMAKE_LINK_STARTFILE-NOTFOUND|([^/\]+-)?ld|collect2)[^/\]*( |$)]
  ignore line: [Change Dir: /work/08474/ywwu/ls6/Galois/CMakeFiles/CMakeTmp]
  ignore line: []
  ignore line: [Run Build Command(s):/usr/bin/gmake -f Makefile cmTC_f0dfd/fast && /usr/bin/gmake  -f CMakeFiles/cmTC_f0dfd.dir/build.make CMakeFiles/cmTC_f0dfd.dir/build]
  ignore line: [gmake[1]: Entering directory '/work/08474/ywwu/ls6/Galois/CMakeFiles/CMakeTmp']
  ignore line: [Building CXX object CMakeFiles/cmTC_f0dfd.dir/CMakeCXXCompilerABI.cpp.o]
  ignore line: [/usr/bin/c++   -v -o CMakeFiles/cmTC_f0dfd.dir/CMakeCXXCompilerABI.cpp.o -c /opt/apps/cmake/3.24.2/share/cmake-3.24/Modules/CMakeCXXCompilerABI.cpp]
  ignore line: [Using built-in specs.]
  ignore line: [COLLECT_GCC=/usr/bin/c++]
  ignore line: [OFFLOAD_TARGET_NAMES=nvptx-none]
  ignore line: [OFFLOAD_TARGET_DEFAULT=1]
  ignore line: [Target: x86_64-redhat-linux]
  ignore line: [Configured with: ../configure --enable-bootstrap --enable-languages=c c++ fortran lto --prefix=/usr --mandir=/usr/share/man --infodir=/usr/share/info --with-bugurl=https://bugs.rockylinux.org/ --enable-shared --enable-threads=posix --enable-checking=release --enable-multilib --with-system-zlib --enable-__cxa_atexit --disable-libunwind-exceptions --enable-gnu-unique-object --enable-linker-build-id --with-gcc-major-version-only --with-linker-hash-style=gnu --enable-plugin --enable-initfini-array --with-isl --disable-libmpx --enable-offload-targets=nvptx-none --without-cuda-driver --enable-gnu-indirect-function --enable-cet --with-tune=generic --with-arch_32=x86-64 --build=x86_64-redhat-linux]
  ignore line: [Thread model: posix]
  ignore line: [gcc version 8.5.0 20210514 (Red Hat 8.5.0-10) (GCC) ]
  ignore line: [COLLECT_GCC_OPTIONS='-v' '-o' 'CMakeFiles/cmTC_f0dfd.dir/CMakeCXXCompilerABI.cpp.o' '-c' '-shared-libgcc' '-mtune=generic' '-march=x86-64']
  ignore line: [ /usr/libexec/gcc/x86_64-redhat-linux/8/cc1plus -quiet -v -D_GNU_SOURCE /opt/apps/cmake/3.24.2/share/cmake-3.24/Modules/CMakeCXXCompilerABI.cpp -quiet -dumpbase CMakeCXXCompilerABI.cpp -mtune=generic -march=x86-64 -auxbase-strip CMakeFiles/cmTC_f0dfd.dir/CMakeCXXCompilerABI.cpp.o -version -o /tmp/ccBf6xEQ.s]
  ignore line: [GNU C++14 (GCC) version 8.5.0 20210514 (Red Hat 8.5.0-10) (x86_64-redhat-linux)]
  ignore line: [	compiled by GNU C version 8.5.0 20210514 (Red Hat 8.5.0-10)  GMP version 6.1.2  MPFR version 3.1.6-p2  MPC version 1.1.0  isl version isl-0.18-GMP]
  ignore line: []
  ignore line: [warning: GMP header version 6.1.2 differs from library version 6.2.1.]
  ignore line: [warning: MPC header version 1.1.0 differs from library version 1.2.1.]
  ignore line: [GGC heuristics: --param ggc-min-expand=100 --param ggc-min-heapsize=131072]
  ignore line: [ignoring nonexistent directory "/usr/lib/gcc/x86_64-redhat-linux/8/include-fixed"]
  ignore line: [ignoring nonexistent directory "/usr/lib/gcc/x86_64-redhat-linux/8/../../../../x86_64-redhat-linux/include"]
  ignore line: [#include "..." search starts here:]
  ignore line: [#include <...> search starts here:]
  ignore line: [ /opt/intel/compilers_and_libraries_2020.1.217/linux/pstl/include]
  ignore line: [ /opt/intel/compilers_and_libraries_2020.1.217/linux/daal/include]
  ignore line: [ /opt/intel/compilers_and_libraries_2020.1.217/linux/tbb/include]
  ignore line: [ /opt/intel/compilers_and_libraries_2020.1.217/linux/mkl/include]
  ignore line: [ /opt/intel/compilers_and_libraries_2020.1.217/linux/ipp/include]
  ignore line: [ /usr/lib/gcc/x86_64-redhat-linux/8/../../../../include/c++/8]
  ignore line: [ /usr/lib/gcc/x86_64-redhat-linux/8/../../../../include/c++/8/x86_64-redhat-linux]
  ignore line: [ /usr/lib/gcc/x86_64-redhat-linux/8/../../../../include/c++/8/backward]
  ignore line: [ /usr/lib/gcc/x86_64-redhat-linux/8/include]
  ignore line: [ /usr/local/include]
  ignore line: [ /usr/include]
  ignore line: [End of search list.]
  ignore line: [GNU C++14 (GCC) version 8.5.0 20210514 (Red Hat 8.5.0-10) (x86_64-redhat-linux)]
  ignore line: [	compiled by GNU C version 8.5.0 20210514 (Red Hat 8.5.0-10)  GMP version 6.1.2  MPFR version 3.1.6-p2  MPC version 1.1.0  isl version isl-0.18-GMP]
  ignore line: []
  ignore line: [warning: GMP header version 6.1.2 differs from library version 6.2.1.]
  ignore line: [warning: MPC header version 1.1.0 differs from library version 1.2.1.]
  ignore line: [GGC heuristics: --param ggc-min-expand=100 --param ggc-min-heapsize=131072]
  ignore line: [Compiler executable checksum: ae0a23b7f5a908959221167a864fbecb]
  ignore line: [COLLECT_GCC_OPTIONS='-v' '-o' 'CMakeFiles/cmTC_f0dfd.dir/CMakeCXXCompilerABI.cpp.o' '-c' '-shared-libgcc' '-mtune=generic' '-march=x86-64']
  ignore line: [ as -v --64 -o CMakeFiles/cmTC_f0dfd.dir/CMakeCXXCompilerABI.cpp.o /tmp/ccBf6xEQ.s]
  ignore line: [GNU assembler version 2.32 (x86_64-pc-linux-gnu) using BFD version (GNU Binutils) 2.32]
  ignore line: [COMPILER_PATH=/opt/apps/xalt/xalt/bin/:/usr/libexec/gcc/x86_64-redhat-linux/8/:/usr/libexec/gcc/x86_64-redhat-linux/8/:/usr/libexec/gcc/x86_64-redhat-linux/:/usr/lib/gcc/x86_64-redhat-linux/8/:/usr/lib/gcc/x86_64-redhat-linux/]
  ignore line: [LIBRARY_PATH=/usr/lib/gcc/x86_64-redhat-linux/8/:/usr/lib/gcc/x86_64-redhat-linux/8/../../../../lib64/:/lib/../lib64/:/usr/lib/../lib64/:/opt/intel/debugger_2020/libipt/intel64/lib/:/opt/intel/compilers_and_libraries_2020.1.217/linux/daal/lib/intel64_lin/:/opt/intel/compilers_and_libraries_2020.1.217/linux/tbb/lib/intel64/gcc4.8/:/opt/intel/compilers_and_libraries_2020.1.217/linux/mkl/lib/intel64_lin/:/opt/intel/compilers_and_libraries_2020.1.217/linux/ipp/lib/intel64/:/opt/intel/compilers_and_libraries_2020.1.217/linux/compiler/lib/intel64_lin/:/usr/lib/gcc/x86_64-redhat-linux/8/../../../:/lib/:/usr/lib/]
  ignore line: [COLLECT_GCC_OPTIONS='-v' '-o' 'CMakeFiles/cmTC_f0dfd.dir/CMakeCXXCompilerABI.cpp.o' '-c' '-shared-libgcc' '-mtune=generic' '-march=x86-64']
  ignore line: [Linking CXX executable cmTC_f0dfd]
  ignore line: [/opt/apps/cmake/3.24.2/bin/cmake -E cmake_link_script CMakeFiles/cmTC_f0dfd.dir/link.txt --verbose=1]
  ignore line: [/usr/bin/c++  -v CMakeFiles/cmTC_f0dfd.dir/CMakeCXXCompilerABI.cpp.o -o cmTC_f0dfd ]
  ignore line: [Using built-in specs.]
  ignore line: [COLLECT_GCC=/usr/bin/c++]
  ignore line: [COLLECT_LTO_WRAPPER=/usr/libexec/gcc/x86_64-redhat-linux/8/lto-wrapper]
  ignore line: [OFFLOAD_TARGET_NAMES=nvptx-none]
  ignore line: [OFFLOAD_TARGET_DEFAULT=1]
  ignore line: [Target: x86_64-redhat-linux]
  ignore line: [Configured with: ../configure --enable-bootstrap --enable-languages=c c++ fortran lto --prefix=/usr --mandir=/usr/share/man --infodir=/usr/share/info --with-bugurl=https://bugs.rockylinux.org/ --enable-shared --enable-threads=posix --enable-checking=release --enable-multilib --with-system-zlib --enable-__cxa_atexit --disable-libunwind-exceptions --enable-gnu-unique-object --enable-linker-build-id --with-gcc-major-version-only --with-linker-hash-style=gnu --enable-plugin --enable-initfini-array --with-isl --disable-libmpx --enable-offload-targets=nvptx-none --without-cuda-driver --enable-gnu-indirect-function --enable-cet --with-tune=generic --with-arch_32=x86-64 --build=x86_64-redhat-linux]
  ignore line: [Thread model: posix]
  ignore line: [gcc version 8.5.0 20210514 (Red Hat 8.5.0-10) (GCC) ]
  ignore line: [COMPILER_PATH=/opt/apps/xalt/xalt/bin/:/usr/libexec/gcc/x86_64-redhat-linux/8/:/usr/libexec/gcc/x86_64-redhat-linux/8/:/usr/libexec/gcc/x86_64-redhat-linux/:/usr/lib/gcc/x86_64-redhat-linux/8/:/usr/lib/gcc/x86_64-redhat-linux/]
  ignore line: [LIBRARY_PATH=/usr/lib/gcc/x86_64-redhat-linux/8/:/usr/lib/gcc/x86_64-redhat-linux/8/../../../../lib64/:/lib/../lib64/:/usr/lib/../lib64/:/opt/intel/debugger_2020/libipt/intel64/lib/:/opt/intel/compilers_and_libraries_2020.1.217/linux/daal/lib/intel64_lin/:/opt/intel/compilers_and_libraries_2020.1.217/linux/tbb/lib/intel64/gcc4.8/:/opt/intel/compilers_and_libraries_2020.1.217/linux/mkl/lib/intel64_lin/:/opt/intel/compilers_and_libraries_2020.1.217/linux/ipp/lib/intel64/:/opt/intel/compilers_and_libraries_2020.1.217/linux/compiler/lib/intel64_lin/:/usr/lib/gcc/x86_64-redhat-linux/8/../../../:/lib/:/usr/lib/]
  ignore line: [COLLECT_GCC_OPTIONS='-v' '-o' 'cmTC_f0dfd' '-shared-libgcc' '-mtune=generic' '-march=x86-64']
  link line: [ /usr/libexec/gcc/x86_64-redhat-linux/8/collect2 -plugin /usr/libexec/gcc/x86_64-redhat-linux/8/liblto_plugin.so -plugin-opt=/usr/libexec/gcc/x86_64-redhat-linux/8/lto-wrapper -plugin-opt=-fresolution=/tmp/ccePO9JP.res -plugin-opt=-pass-through=-lgcc_s -plugin-opt=-pass-through=-lgcc -plugin-opt=-pass-through=-lc -plugin-opt=-pass-through=-lgcc_s -plugin-opt=-pass-through=-lgcc --build-id --no-add-needed --eh-frame-hdr --hash-style=gnu -m elf_x86_64 -dynamic-linker /lib64/ld-linux-x86-64.so.2 -o cmTC_f0dfd /usr/lib/gcc/x86_64-redhat-linux/8/../../../../lib64/crt1.o /usr/lib/gcc/x86_64-redhat-linux/8/../../../../lib64/crti.o /usr/lib/gcc/x86_64-redhat-linux/8/crtbegin.o -L/usr/lib/gcc/x86_64-redhat-linux/8 -L/usr/lib/gcc/x86_64-redhat-linux/8/../../../../lib64 -L/lib/../lib64 -L/usr/lib/../lib64 -L/opt/intel/debugger_2020/libipt/intel64/lib -L/opt/intel/compilers_and_libraries_2020.1.217/linux/daal/lib/intel64_lin -L/opt/intel/compilers_and_libraries_2020.1.217/linux/tbb/lib/intel64/gcc4.8 -L/opt/intel/compilers_and_libraries_2020.1.217/linux/mkl/lib/intel64_lin -L/opt/intel/compilers_and_libraries_2020.1.217/linux/ipp/lib/intel64 -L/opt/intel/compilers_and_libraries_2020.1.217/linux/compiler/lib/intel64_lin -L/usr/lib/gcc/x86_64-redhat-linux/8/../../.. CMakeFiles/cmTC_f0dfd.dir/CMakeCXXCompilerABI.cpp.o -lstdc++ -lm -lgcc_s -lgcc -lc -lgcc_s -lgcc /usr/lib/gcc/x86_64-redhat-linux/8/crtend.o /usr/lib/gcc/x86_64-redhat-linux/8/../../../../lib64/crtn.o]
    arg [/usr/libexec/gcc/x86_64-redhat-linux/8/collect2] ==> ignore
    arg [-plugin] ==> ignore
    arg [/usr/libexec/gcc/x86_64-redhat-linux/8/liblto_plugin.so] ==> ignore
    arg [-plugin-opt=/usr/libexec/gcc/x86_64-redhat-linux/8/lto-wrapper] ==> ignore
    arg [-plugin-opt=-fresolution=/tmp/ccePO9JP.res] ==> ignore
    arg [-plugin-opt=-pass-through=-lgcc_s] ==> ignore
    arg [-plugin-opt=-pass-through=-lgcc] ==> ignore
    arg [-plugin-opt=-pass-through=-lc] ==> ignore
    arg [-plugin-opt=-pass-through=-lgcc_s] ==> ignore
    arg [-plugin-opt=-pass-through=-lgcc] ==> ignore
    arg [--build-id] ==> ignore
    arg [--no-add-needed] ==> ignore
    arg [--eh-frame-hdr] ==> ignore
    arg [--hash-style=gnu] ==> ignore
    arg [-m] ==> ignore
    arg [elf_x86_64] ==> ignore
    arg [-dynamic-linker] ==> ignore
    arg [/lib64/ld-linux-x86-64.so.2] ==> ignore
    arg [-o] ==> ignore
    arg [cmTC_f0dfd] ==> ignore
    arg [/usr/lib/gcc/x86_64-redhat-linux/8/../../../../lib64/crt1.o] ==> obj [/usr/lib/gcc/x86_64-redhat-linux/8/../../../../lib64/crt1.o]
    arg [/usr/lib/gcc/x86_64-redhat-linux/8/../../../../lib64/crti.o] ==> obj [/usr/lib/gcc/x86_64-redhat-linux/8/../../../../lib64/crti.o]
    arg [/usr/lib/gcc/x86_64-redhat-linux/8/crtbegin.o] ==> obj [/usr/lib/gcc/x86_64-redhat-linux/8/crtbegin.o]
    arg [-L/usr/lib/gcc/x86_64-redhat-linux/8] ==> dir [/usr/lib/gcc/x86_64-redhat-linux/8]
    arg [-L/usr/lib/gcc/x86_64-redhat-linux/8/../../../../lib64] ==> dir [/usr/lib/gcc/x86_64-redhat-linux/8/../../../../lib64]
    arg [-L/lib/../lib64] ==> dir [/lib/../lib64]
    arg [-L/usr/lib/../lib64] ==> dir [/usr/lib/../lib64]
    arg [-L/opt/intel/debugger_2020/libipt/intel64/lib] ==> dir [/opt/intel/debugger_2020/libipt/intel64/lib]
    arg [-L/opt/intel/compilers_and_libraries_2020.1.217/linux/daal/lib/intel64_lin] ==> dir [/opt/intel/compilers_and_libraries_2020.1.217/linux/daal/lib/intel64_lin]
    arg [-L/opt/intel/compilers_and_libraries_2020.1.217/linux/tbb/lib/intel64/gcc4.8] ==> dir [/opt/intel/compilers_and_libraries_2020.1.217/linux/tbb/lib/intel64/gcc4.8]
    arg [-L/opt/intel/compilers_and_libraries_2020.1.217/linux/mkl/lib/intel64_lin] ==> dir [/opt/intel/compilers_and_libraries_2020.1.217/linux/mkl/lib/intel64_lin]
    arg [-L/opt/intel/compilers_and_libraries_2020.1.217/linux/ipp/lib/intel64] ==> dir [/opt/intel/compilers_and_libraries_2020.1.217/linux/ipp/lib/intel64]
    arg [-L/opt/intel/compilers_and_libraries_2020.1.217/linux/compiler/lib/intel64_lin] ==> dir [/opt/intel/compilers_and_libraries_2020.1.217/linux/compiler/lib/intel64_lin]
    arg [-L/usr/lib/gcc/x86_64-redhat-linux/8/../../..] ==> dir [/usr/lib/gcc/x86_64-redhat-linux/8/../../..]
    arg [CMakeFiles/cmTC_f0dfd.dir/CMakeCXXCompilerABI.cpp.o] ==> ignore
    arg [-lstdc++] ==> lib [stdc++]
    arg [-lm] ==> lib [m]
    arg [-lgcc_s] ==> lib [gcc_s]
    arg [-lgcc] ==> lib [gcc]
    arg [-lc] ==> lib [c]
    arg [-lgcc_s] ==> lib [gcc_s]
    arg [-lgcc] ==> lib [gcc]
    arg [/usr/lib/gcc/x86_64-redhat-linux/8/crtend.o] ==> obj [/usr/lib/gcc/x86_64-redhat-linux/8/crtend.o]
    arg [/usr/lib/gcc/x86_64-redhat-linux/8/../../../../lib64/crtn.o] ==> obj [/usr/lib/gcc/x86_64-redhat-linux/8/../../../../lib64/crtn.o]
  collapse obj [/usr/lib/gcc/x86_64-redhat-linux/8/../../../../lib64/crt1.o] ==> [/usr/lib64/crt1.o]
  collapse obj [/usr/lib/gcc/x86_64-redhat-linux/8/../../../../lib64/crti.o] ==> [/usr/lib64/crti.o]
  collapse obj [/usr/lib/gcc/x86_64-redhat-linux/8/../../../../lib64/crtn.o] ==> [/usr/lib64/crtn.o]
  collapse library dir [/usr/lib/gcc/x86_64-redhat-linux/8] ==> [/usr/lib/gcc/x86_64-redhat-linux/8]
  collapse library dir [/usr/lib/gcc/x86_64-redhat-linux/8/../../../../lib64] ==> [/usr/lib64]
  collapse library dir [/lib/../lib64] ==> [/lib64]
  collapse library dir [/usr/lib/../lib64] ==> [/usr/lib64]
  collapse library dir [/opt/intel/debugger_2020/libipt/intel64/lib] ==> [/opt/intel/debugger_2020/libipt/intel64/lib]
  collapse library dir [/opt/intel/compilers_and_libraries_2020.1.217/linux/daal/lib/intel64_lin] ==> [/opt/intel/compilers_and_libraries_2020.1.217/linux/daal/lib/intel64_lin]
  collapse library dir [/opt/intel/compilers_and_libraries_2020.1.217/linux/tbb/lib/intel64/gcc4.8] ==> [/opt/intel/compilers_and_libraries_2020.1.217/linux/tbb/lib/intel64/gcc4.8]
  collapse library dir [/opt/intel/compilers_and_libraries_2020.1.217/linux/mkl/lib/intel64_lin] ==> [/opt/intel/compilers_and_libraries_2020.1.217/linux/mkl/lib/intel64_lin]
  collapse library dir [/opt/intel/compilers_and_libraries_2020.1.217/linux/ipp/lib/intel64] ==> [/opt/intel/compilers_and_libraries_2020.1.217/linux/ipp/lib/intel64]
  collapse library dir [/opt/intel/compilers_and_libraries_2020.1.217/linux/compiler/lib/intel64_lin] ==> [/opt/intel/compilers_and_libraries_2020.1.217/linux/compiler/lib/intel64_lin]
  collapse library dir [/usr/lib/gcc/x86_64-redhat-linux/8/../../..] ==> [/usr/lib]
  implicit libs: [stdc++;m;gcc_s;gcc;c;gcc_s;gcc]
  implicit objs: [/usr/lib64/crt1.o;/usr/lib64/crti.o;/usr/lib/gcc/x86_64-redhat-linux/8/crtbegin.o;/usr/lib/gcc/x86_64-redhat-linux/8/crtend.o;/usr/lib64/crtn.o]
  implicit dirs: [/usr/lib/gcc/x86_64-redhat-linux/8;/usr/lib64;/lib64;/opt/intel/debugger_2020/libipt/intel64/lib;/opt/intel/compilers_and_libraries_2020.1.217/linux/daal/lib/intel64_lin;/opt/intel/compilers_and_libraries_2020.1.217/linux/tbb/lib/intel64/gcc4.8;/opt/intel/compilers_and_libraries_2020.1.217/linux/mkl/lib/intel64_lin;/opt/intel/compilers_and_libraries_2020.1.217/linux/ipp/lib/intel64;/opt/intel/compilers_and_libraries_2020.1.217/linux/compiler/lib/intel64_lin;/usr/lib]
  implicit fwks: []


Performing C++ SOURCE FILE Test ARCH_CXX_FLAGS_DETECTED succeeded with the following output:
Change Dir: /work/08474/ywwu/ls6/Galois/CMakeFiles/CMakeTmp

Run Build Command(s):/usr/bin/gmake -f Makefile cmTC_721dc/fast && /usr/bin/gmake  -f CMakeFiles/cmTC_721dc.dir/build.make CMakeFiles/cmTC_721dc.dir/build
gmake[1]: Entering directory '/work/08474/ywwu/ls6/Galois/CMakeFiles/CMakeTmp'
Building CXX object CMakeFiles/cmTC_721dc.dir/src.cxx.o
/usr/bin/c++ -DARCH_CXX_FLAGS_DETECTED  -fPIE   -march=native -std=c++17 -o CMakeFiles/cmTC_721dc.dir/src.cxx.o -c /work/08474/ywwu/ls6/Galois/CMakeFiles/CMakeTmp/src.cxx
Linking CXX executable cmTC_721dc
/opt/apps/cmake/3.24.2/bin/cmake -E cmake_link_script CMakeFiles/cmTC_721dc.dir/link.txt --verbose=1
/usr/bin/c++ CMakeFiles/cmTC_721dc.dir/src.cxx.o -o cmTC_721dc 
gmake[1]: Leaving directory '/work/08474/ywwu/ls6/Galois/CMakeFiles/CMakeTmp'


Source file was:
int main() { return 0; }
Determining if the function pthread_create exists in the pthread passed with the following output:
Change Dir: /work/08474/ywwu/ls6/Galois/CMakeFiles/CMakeTmp

Run Build Command(s):/usr/bin/gmake -f Makefile cmTC_62a03/fast && /usr/bin/gmake  -f CMakeFiles/cmTC_62a03.dir/build.make CMakeFiles/cmTC_62a03.dir/build
gmake[1]: Entering directory '/work/08474/ywwu/ls6/Galois/CMakeFiles/CMakeTmp'
Building C object CMakeFiles/cmTC_62a03.dir/CheckFunctionExists.c.o
/usr/bin/cc   -DCHECK_FUNCTION_EXISTS=pthread_create -fPIE -o CMakeFiles/cmTC_62a03.dir/CheckFunctionExists.c.o -c /opt/apps/cmake/3.24.2/share/cmake-3.24/Modules/CheckFunctionExists.c
Linking C executable cmTC_62a03
/opt/apps/cmake/3.24.2/bin/cmake -E cmake_link_script CMakeFiles/cmTC_62a03.dir/link.txt --verbose=1
/usr/bin/cc  -DCHECK_FUNCTION_EXISTS=pthread_create CMakeFiles/cmTC_62a03.dir/CheckFunctionExists.c.o -o cmTC_62a03  -lpthread 
gmake[1]: Leaving directory '/work/08474/ywwu/ls6/Galois/CMakeFiles/CMakeTmp'



Performing C SOURCE FILE Test HAVE_MMAP64_INTERNAL succeeded with the following output:
Change Dir: /work/08474/ywwu/ls6/Galois/CMakeFiles/CMakeTmp

Run Build Command(s):/usr/bin/gmake -f Makefile cmTC_a588d/fast && /usr/bin/gmake  -f CMakeFiles/cmTC_a588d.dir/build.make CMakeFiles/cmTC_a588d.dir/build
gmake[1]: Entering directory '/work/08474/ywwu/ls6/Galois/CMakeFiles/CMakeTmp'
Building C object CMakeFiles/cmTC_a588d.dir/src.c.o
/usr/bin/cc -DHAVE_MMAP64_INTERNAL  -fPIE -o CMakeFiles/cmTC_a588d.dir/src.c.o -c /work/08474/ywwu/ls6/Galois/CMakeFiles/CMakeTmp/src.c
/work/08474/ywwu/ls6/Galois/CMakeFiles/CMakeTmp/src.c: In function 'main':
/work/08474/ywwu/ls6/Galois/CMakeFiles/CMakeTmp/src.c:8:15: warning: implicit declaration of function 'mmap64'; did you mean 'mmap'? [-Wimplicit-function-declaration]
   void *ptr = mmap64(0, 2*1024*1024, PROT_READ|PROT_WRITE, MAP_PRIVATE, -1, 0);
               ^~~~~~
               mmap
/work/08474/ywwu/ls6/Galois/CMakeFiles/CMakeTmp/src.c:8:15: warning: initialization of 'void *' from 'int' makes pointer from integer without a cast [-Wint-conversion]
Linking C executable cmTC_a588d
/opt/apps/cmake/3.24.2/bin/cmake -E cmake_link_script CMakeFiles/cmTC_a588d.dir/link.txt --verbose=1
/usr/bin/cc CMakeFiles/cmTC_a588d.dir/src.c.o -o cmTC_a588d 
gmake[1]: Leaving directory '/work/08474/ywwu/ls6/Galois/CMakeFiles/CMakeTmp'


Source file was:

#ifdef __linux__
#include <linux/mman.h>
#endif
#include <sys/mman.h>

int main(int c, char** argv) {
  void *ptr = mmap64(0, 2*1024*1024, PROT_READ|PROT_WRITE, MAP_PRIVATE, -1, 0);
  return 0;
}

Performing C SOURCE FILE Test HAVE_HUGEPAGES_INTERNAL succeeded with the following compile output:
Change Dir: /work/08474/ywwu/ls6/Galois/CMakeFiles/CMakeTmp

Run Build Command(s):/usr/bin/gmake -f Makefile cmTC_4957f/fast && /usr/bin/gmake  -f CMakeFiles/cmTC_4957f.dir/build.make CMakeFiles/cmTC_4957f.dir/build
gmake[1]: Entering directory '/work/08474/ywwu/ls6/Galois/CMakeFiles/CMakeTmp'
Building C object CMakeFiles/cmTC_4957f.dir/src.c.o
/usr/bin/cc -DHAVE_HUGEPAGES_INTERNAL  -fPIE -o CMakeFiles/cmTC_4957f.dir/src.c.o -c /work/08474/ywwu/ls6/Galois/CMakeFiles/CMakeTmp/src.c
Linking C executable cmTC_4957f
/opt/apps/cmake/3.24.2/bin/cmake -E cmake_link_script CMakeFiles/cmTC_4957f.dir/link.txt --verbose=1
/usr/bin/cc CMakeFiles/cmTC_4957f.dir/src.c.o -o cmTC_4957f 
gmake[1]: Leaving directory '/work/08474/ywwu/ls6/Galois/CMakeFiles/CMakeTmp'


...and run output:

Return value: 1
Source file was:

#ifdef __linux__
#include <linux/mman.h>
#endif
#include <sys/mman.h>

int main(int c, char** argv) {
  void *ptr = mmap(0, 2*1024*1024, PROT_READ|PROT_WRITE, MAP_HUGETLB, -1, 0);

  return ptr != MAP_FAILED;
}

Performing C SOURCE FILE Test Terminfo_LINKABLE succeeded with the following output:
Change Dir: /work/08474/ywwu/ls6/Galois/CMakeFiles/CMakeTmp

Run Build Command(s):/usr/bin/gmake -f Makefile cmTC_91b95/fast && /usr/bin/gmake  -f CMakeFiles/cmTC_91b95.dir/build.make CMakeFiles/cmTC_91b95.dir/build
gmake[1]: Entering directory '/work/08474/ywwu/ls6/Galois/CMakeFiles/CMakeTmp'
Building C object CMakeFiles/cmTC_91b95.dir/src.c.o
/usr/bin/cc -DTerminfo_LINKABLE  -fPIE -o CMakeFiles/cmTC_91b95.dir/src.c.o -c /work/08474/ywwu/ls6/Galois/CMakeFiles/CMakeTmp/src.c
Linking C executable cmTC_91b95
/opt/apps/cmake/3.24.2/bin/cmake -E cmake_link_script CMakeFiles/cmTC_91b95.dir/link.txt --verbose=1
/usr/bin/cc CMakeFiles/cmTC_91b95.dir/src.c.o -o cmTC_91b95  /usr/lib64/libtinfo.so 
gmake[1]: Leaving directory '/work/08474/ywwu/ls6/Galois/CMakeFiles/CMakeTmp'


Source file was:

    int setupterm(char *term, int filedes, int *errret);
    int main(void) { return setupterm(0, 0, 0); }
Determining if files endian.h exist passed with the following output:
Change Dir: /work/08474/ywwu/ls6/Galois/CMakeFiles/CMakeTmp

Run Build Command(s):/usr/bin/gmake -f Makefile cmTC_65915/fast && /usr/bin/gmake  -f CMakeFiles/cmTC_65915.dir/build.make CMakeFiles/cmTC_65915.dir/build
gmake[1]: Entering directory '/work/08474/ywwu/ls6/Galois/CMakeFiles/CMakeTmp'
Building C object CMakeFiles/cmTC_65915.dir/HAVE_ENDIAN_H.c.o
/usr/bin/cc   -fPIE -o CMakeFiles/cmTC_65915.dir/HAVE_ENDIAN_H.c.o -c /work/08474/ywwu/ls6/Galois/CMakeFiles/CheckIncludeFiles/HAVE_ENDIAN_H.c
Linking C executable cmTC_65915
/opt/apps/cmake/3.24.2/bin/cmake -E cmake_link_script CMakeFiles/cmTC_65915.dir/link.txt --verbose=1
/usr/bin/cc CMakeFiles/cmTC_65915.dir/HAVE_ENDIAN_H.c.o -o cmTC_65915 
gmake[1]: Leaving directory '/work/08474/ywwu/ls6/Galois/CMakeFiles/CMakeTmp'



Determining if the le64toh exist passed with the following output:
Change Dir: /work/08474/ywwu/ls6/Galois/CMakeFiles/CMakeTmp

Run Build Command(s):/usr/bin/gmake -f Makefile cmTC_f984b/fast && /usr/bin/gmake  -f CMakeFiles/cmTC_f984b.dir/build.make CMakeFiles/cmTC_f984b.dir/build
gmake[1]: Entering directory '/work/08474/ywwu/ls6/Galois/CMakeFiles/CMakeTmp'
Building C object CMakeFiles/cmTC_f984b.dir/CheckSymbolExists.c.o
/usr/bin/cc   -fPIE -o CMakeFiles/cmTC_f984b.dir/CheckSymbolExists.c.o -c /work/08474/ywwu/ls6/Galois/CMakeFiles/CMakeTmp/CheckSymbolExists.c
Linking C executable cmTC_f984b
/opt/apps/cmake/3.24.2/bin/cmake -E cmake_link_script CMakeFiles/cmTC_f984b.dir/link.txt --verbose=1
/usr/bin/cc CMakeFiles/cmTC_f984b.dir/CheckSymbolExists.c.o -o cmTC_f984b 
gmake[1]: Leaving directory '/work/08474/ywwu/ls6/Galois/CMakeFiles/CMakeTmp'


File /work/08474/ywwu/ls6/Galois/CMakeFiles/CMakeTmp/CheckSymbolExists.c:
/* */
#include <endian.h>

int main(int argc, char** argv)
{
  (void)argv;
#ifndef le64toh
  return ((int*)(&le64toh))[argc];
#else
  (void)argc;
  return 0;
#endif
}
Determining if the le32toh exist passed with the following output:
Change Dir: /work/08474/ywwu/ls6/Galois/CMakeFiles/CMakeTmp

Run Build Command(s):/usr/bin/gmake -f Makefile cmTC_9fef8/fast && /usr/bin/gmake  -f CMakeFiles/cmTC_9fef8.dir/build.make CMakeFiles/cmTC_9fef8.dir/build
gmake[1]: Entering directory '/work/08474/ywwu/ls6/Galois/CMakeFiles/CMakeTmp'
Building C object CMakeFiles/cmTC_9fef8.dir/CheckSymbolExists.c.o
/usr/bin/cc   -fPIE -o CMakeFiles/cmTC_9fef8.dir/CheckSymbolExists.c.o -c /work/08474/ywwu/ls6/Galois/CMakeFiles/CMakeTmp/CheckSymbolExists.c
Linking C executable cmTC_9fef8
/opt/apps/cmake/3.24.2/bin/cmake -E cmake_link_script CMakeFiles/cmTC_9fef8.dir/link.txt --verbose=1
/usr/bin/cc CMakeFiles/cmTC_9fef8.dir/CheckSymbolExists.c.o -o cmTC_9fef8 
gmake[1]: Leaving directory '/work/08474/ywwu/ls6/Galois/CMakeFiles/CMakeTmp'


File /work/08474/ywwu/ls6/Galois/CMakeFiles/CMakeTmp/CheckSymbolExists.c:
/* */
#include <endian.h>

int main(int argc, char** argv)
{
  (void)argv;
#ifndef le32toh
  return ((int*)(&le32toh))[argc];
#else
  (void)argc;
  return 0;
#endif
}
Determining if the htobe64 exist passed with the following output:
Change Dir: /work/08474/ywwu/ls6/Galois/CMakeFiles/CMakeTmp

Run Build Command(s):/usr/bin/gmake -f Makefile cmTC_dab2f/fast && /usr/bin/gmake  -f CMakeFiles/cmTC_dab2f.dir/build.make CMakeFiles/cmTC_dab2f.dir/build
gmake[1]: Entering directory '/work/08474/ywwu/ls6/Galois/CMakeFiles/CMakeTmp'
Building C object CMakeFiles/cmTC_dab2f.dir/CheckSymbolExists.c.o
/usr/bin/cc   -fPIE -o CMakeFiles/cmTC_dab2f.dir/CheckSymbolExists.c.o -c /work/08474/ywwu/ls6/Galois/CMakeFiles/CMakeTmp/CheckSymbolExists.c
Linking C executable cmTC_dab2f
/opt/apps/cmake/3.24.2/bin/cmake -E cmake_link_script CMakeFiles/cmTC_dab2f.dir/link.txt --verbose=1
/usr/bin/cc CMakeFiles/cmTC_dab2f.dir/CheckSymbolExists.c.o -o cmTC_dab2f 
gmake[1]: Leaving directory '/work/08474/ywwu/ls6/Galois/CMakeFiles/CMakeTmp'


File /work/08474/ywwu/ls6/Galois/CMakeFiles/CMakeTmp/CheckSymbolExists.c:
/* */
#include <endian.h>

int main(int argc, char** argv)
{
  (void)argv;
#ifndef htobe64
  return ((int*)(&htobe64))[argc];
#else
  (void)argc;
  return 0;
#endif
}
Determining if the htobe32 exist passed with the following output:
Change Dir: /work/08474/ywwu/ls6/Galois/CMakeFiles/CMakeTmp

Run Build Command(s):/usr/bin/gmake -f Makefile cmTC_056e8/fast && /usr/bin/gmake  -f CMakeFiles/cmTC_056e8.dir/build.make CMakeFiles/cmTC_056e8.dir/build
gmake[1]: Entering directory '/work/08474/ywwu/ls6/Galois/CMakeFiles/CMakeTmp'
Building C object CMakeFiles/cmTC_056e8.dir/CheckSymbolExists.c.o
/usr/bin/cc   -fPIE -o CMakeFiles/cmTC_056e8.dir/CheckSymbolExists.c.o -c /work/08474/ywwu/ls6/Galois/CMakeFiles/CMakeTmp/CheckSymbolExists.c
Linking C executable cmTC_056e8
/opt/apps/cmake/3.24.2/bin/cmake -E cmake_link_script CMakeFiles/cmTC_056e8.dir/link.txt --verbose=1
/usr/bin/cc CMakeFiles/cmTC_056e8.dir/CheckSymbolExists.c.o -o cmTC_056e8 
gmake[1]: Leaving directory '/work/08474/ywwu/ls6/Galois/CMakeFiles/CMakeTmp'


File /work/08474/ywwu/ls6/Galois/CMakeFiles/CMakeTmp/CheckSymbolExists.c:
/* */
#include <endian.h>

int main(int argc, char** argv)
{
  (void)argv;
#ifndef htobe32
  return ((int*)(&htobe32))[argc];
#else
  (void)argc;
  return 0;
#endif
}
Determining if the htole64 exist passed with the following output:
Change Dir: /work/08474/ywwu/ls6/Galois/CMakeFiles/CMakeTmp

Run Build Command(s):/usr/bin/gmake -f Makefile cmTC_bd3a2/fast && /usr/bin/gmake  -f CMakeFiles/cmTC_bd3a2.dir/build.make CMakeFiles/cmTC_bd3a2.dir/build
gmake[1]: Entering directory '/work/08474/ywwu/ls6/Galois/CMakeFiles/CMakeTmp'
Building C object CMakeFiles/cmTC_bd3a2.dir/CheckSymbolExists.c.o
/usr/bin/cc   -fPIE -o CMakeFiles/cmTC_bd3a2.dir/CheckSymbolExists.c.o -c /work/08474/ywwu/ls6/Galois/CMakeFiles/CMakeTmp/CheckSymbolExists.c
Linking C executable cmTC_bd3a2
/opt/apps/cmake/3.24.2/bin/cmake -E cmake_link_script CMakeFiles/cmTC_bd3a2.dir/link.txt --verbose=1
/usr/bin/cc CMakeFiles/cmTC_bd3a2.dir/CheckSymbolExists.c.o -o cmTC_bd3a2 
gmake[1]: Leaving directory '/work/08474/ywwu/ls6/Galois/CMakeFiles/CMakeTmp'


File /work/08474/ywwu/ls6/Galois/CMakeFiles/CMakeTmp/CheckSymbolExists.c:
/* */
#include <endian.h>

int main(int argc, char** argv)
{
  (void)argv;
#ifndef htole64
  return ((int*)(&htole64))[argc];
#else
  (void)argc;
  return 0;
#endif
}
Determining if the htole32 exist passed with the following output:
Change Dir: /work/08474/ywwu/ls6/Galois/CMakeFiles/CMakeTmp

Run Build Command(s):/usr/bin/gmake -f Makefile cmTC_2cf24/fast && /usr/bin/gmake  -f CMakeFiles/cmTC_2cf24.dir/build.make CMakeFiles/cmTC_2cf24.dir/build
gmake[1]: Entering directory '/work/08474/ywwu/ls6/Galois/CMakeFiles/CMakeTmp'
Building C object CMakeFiles/cmTC_2cf24.dir/CheckSymbolExists.c.o
/usr/bin/cc   -fPIE -o CMakeFiles/cmTC_2cf24.dir/CheckSymbolExists.c.o -c /work/08474/ywwu/ls6/Galois/CMakeFiles/CMakeTmp/CheckSymbolExists.c
Linking C executable cmTC_2cf24
/opt/apps/cmake/3.24.2/bin/cmake -E cmake_link_script CMakeFiles/cmTC_2cf24.dir/link.txt --verbose=1
/usr/bin/cc CMakeFiles/cmTC_2cf24.dir/CheckSymbolExists.c.o -o cmTC_2cf24 
gmake[1]: Leaving directory '/work/08474/ywwu/ls6/Galois/CMakeFiles/CMakeTmp'


File /work/08474/ywwu/ls6/Galois/CMakeFiles/CMakeTmp/CheckSymbolExists.c:
/* */
#include <endian.h>

int main(int argc, char** argv)
{
  (void)argv;
#ifndef htole32
  return ((int*)(&htole32))[argc];
#else
  (void)argc;
  return 0;
#endif
}
Determining if the sched_setaffinity exist passed with the following output:
Change Dir: /work/08474/ywwu/ls6/Galois/CMakeFiles/CMakeTmp

Run Build Command(s):/usr/bin/gmake -f Makefile cmTC_4b093/fast && /usr/bin/gmake  -f CMakeFiles/cmTC_4b093.dir/build.make CMakeFiles/cmTC_4b093.dir/build
gmake[1]: Entering directory '/work/08474/ywwu/ls6/Galois/CMakeFiles/CMakeTmp'
Building C object CMakeFiles/cmTC_4b093.dir/CheckSymbolExists.c.o
/usr/bin/cc -D_GNU_SOURCE  -fPIE -o CMakeFiles/cmTC_4b093.dir/CheckSymbolExists.c.o -c /work/08474/ywwu/ls6/Galois/CMakeFiles/CMakeTmp/CheckSymbolExists.c
Linking C executable cmTC_4b093
/opt/apps/cmake/3.24.2/bin/cmake -E cmake_link_script CMakeFiles/cmTC_4b093.dir/link.txt --verbose=1
/usr/bin/cc CMakeFiles/cmTC_4b093.dir/CheckSymbolExists.c.o -o cmTC_4b093 
gmake[1]: Leaving directory '/work/08474/ywwu/ls6/Galois/CMakeFiles/CMakeTmp'


File /work/08474/ywwu/ls6/Galois/CMakeFiles/CMakeTmp/CheckSymbolExists.c:
/* */
#include <sched.h>

int main(int argc, char** argv)
{
  (void)argv;
#ifndef sched_setaffinity
  return ((int*)(&sched_setaffinity))[argc];
#else
  (void)argc;
  return 0;
#endif
}
Determining if the function numa_available exists in the /usr/lib64/libnuma.so passed with the following output:
Change Dir: /work/08474/ywwu/ls6/Galois/CMakeFiles/CMakeTmp

Run Build Command(s):/usr/bin/gmake -f Makefile cmTC_661c5/fast && /usr/bin/gmake  -f CMakeFiles/cmTC_661c5.dir/build.make CMakeFiles/cmTC_661c5.dir/build
gmake[1]: Entering directory '/work/08474/ywwu/ls6/Galois/CMakeFiles/CMakeTmp'
Building C object CMakeFiles/cmTC_661c5.dir/CheckFunctionExists.c.o
/usr/bin/cc -D_GNU_SOURCE  -DCHECK_FUNCTION_EXISTS=numa_available -fPIE -o CMakeFiles/cmTC_661c5.dir/CheckFunctionExists.c.o -c /opt/apps/cmake/3.24.2/share/cmake-3.24/Modules/CheckFunctionExists.c
Linking C executable cmTC_661c5
/opt/apps/cmake/3.24.2/bin/cmake -E cmake_link_script CMakeFiles/cmTC_661c5.dir/link.txt --verbose=1
/usr/bin/cc  -DCHECK_FUNCTION_EXISTS=numa_available CMakeFiles/cmTC_661c5.dir/CheckFunctionExists.c.o -o cmTC_661c5  /usr/lib64/libnuma.so 
gmake[1]: Leaving directory '/work/08474/ywwu/ls6/Galois/CMakeFiles/CMakeTmp'



Determining if the function numa_allocate_nodemask exists in the /usr/lib64/libnuma.so passed with the following output:
Change Dir: /work/08474/ywwu/ls6/Galois/CMakeFiles/CMakeTmp

Run Build Command(s):/usr/bin/gmake -f Makefile cmTC_69cd7/fast && /usr/bin/gmake  -f CMakeFiles/cmTC_69cd7.dir/build.make CMakeFiles/cmTC_69cd7.dir/build
gmake[1]: Entering directory '/work/08474/ywwu/ls6/Galois/CMakeFiles/CMakeTmp'
Building C object CMakeFiles/cmTC_69cd7.dir/CheckFunctionExists.c.o
/usr/bin/cc -D_GNU_SOURCE  -DCHECK_FUNCTION_EXISTS=numa_allocate_nodemask -fPIE -o CMakeFiles/cmTC_69cd7.dir/CheckFunctionExists.c.o -c /opt/apps/cmake/3.24.2/share/cmake-3.24/Modules/CheckFunctionExists.c
Linking C executable cmTC_69cd7
/opt/apps/cmake/3.24.2/bin/cmake -E cmake_link_script CMakeFiles/cmTC_69cd7.dir/link.txt --verbose=1
/usr/bin/cc  -DCHECK_FUNCTION_EXISTS=numa_allocate_nodemask CMakeFiles/cmTC_69cd7.dir/CheckFunctionExists.c.o -o cmTC_69cd7  /usr/lib64/libnuma.so 
gmake[1]: Leaving directory '/work/08474/ywwu/ls6/Galois/CMakeFiles/CMakeTmp'



